Release 9.2i - xst J.36
Copyright (c) 1995-2007 Xilinx, Inc.  All rights reserved.
--> Parameter TMPDIR set to ./xst/projnav.tmp
CPU : 0.00 / 0.39 s | Elapsed : 0.00 / 0.00 s
 
--> Parameter xsthdpdir set to ./xst
CPU : 0.00 / 0.39 s | Elapsed : 0.00 / 0.00 s
 
--> Reading design: Receiver.prj

TABLE OF CONTENTS
  1) Synthesis Options Summary
  2) HDL Compilation
  3) Design Hierarchy Analysis
  4) HDL Analysis
  5) HDL Synthesis
     5.1) HDL Synthesis Report
  6) Advanced HDL Synthesis
     6.1) Advanced HDL Synthesis Report
  7) Low Level Synthesis
  8) Partition Report
  9) Final Report
     9.1) Device utilization summary
     9.2) Partition Resource Summary
     9.3) TIMING REPORT


=========================================================================
*                      Synthesis Options Summary                        *
=========================================================================
---- Source Parameters
Input File Name                    : "Receiver.prj"
Input Format                       : mixed
Ignore Synthesis Constraint File   : NO

---- Target Parameters
Output File Name                   : "Receiver"
Output Format                      : NGC
Target Device                      : xc3s400-5-pq208

---- Source Options
Top Module Name                    : Receiver
Automatic FSM Extraction           : YES
FSM Encoding Algorithm             : Auto
Safe Implementation                : No
FSM Style                          : lut
RAM Extraction                     : Yes
RAM Style                          : Auto
ROM Extraction                     : Yes
Mux Style                          : Auto
Decoder Extraction                 : YES
Priority Encoder Extraction        : YES
Shift Register Extraction          : YES
Logical Shifter Extraction         : YES
XOR Collapsing                     : YES
ROM Style                          : Auto
Mux Extraction                     : YES
Resource Sharing                   : YES
Asynchronous To Synchronous        : NO
Multiplier Style                   : auto
Automatic Register Balancing       : No

---- Target Options
Add IO Buffers                     : YES
Global Maximum Fanout              : 500
Add Generic Clock Buffer(BUFG)     : 8
Register Duplication               : YES
Slice Packing                      : YES
Optimize Instantiated Primitives   : NO
Use Clock Enable                   : Yes
Use Synchronous Set                : Yes
Use Synchronous Reset              : Yes
Pack IO Registers into IOBs        : auto
Equivalent register Removal        : YES

---- General Options
Optimization Goal                  : Speed
Optimization Effort                : 1
Library Search Order               : Receiver.lso
Keep Hierarchy                     : NO
RTL Output                         : Yes
Global Optimization                : AllClockNets
Read Cores                         : YES
Write Timing Constraints           : NO
Cross Clock Analysis               : NO
Hierarchy Separator                : /
Bus Delimiter                      : <>
Case Specifier                     : maintain
Slice Utilization Ratio            : 100
BRAM Utilization Ratio             : 100
Verilog 2001                       : YES
Auto BRAM Packing                  : NO
Slice Utilization Ratio Delta      : 5

=========================================================================


=========================================================================
*                          HDL Compilation                              *
=========================================================================
Compiling vhdl file "F:/college/be/project/Final_tested/xlinx_Files/kit_rec/Receiver.vhd" in Library work.
Entity <receiver> compiled.
Entity <receiver> (Architecture <behavioral>) compiled.

=========================================================================
*                     Design Hierarchy Analysis                         *
=========================================================================
Analyzing hierarchy for entity <Receiver> in library <work> (architecture <behavioral>).


=========================================================================
*                            HDL Analysis                               *
=========================================================================
Analyzing Entity <Receiver> in library <work> (Architecture <behavioral>).
Entity <Receiver> analyzed. Unit <Receiver> generated.


=========================================================================
*                           HDL Synthesis                               *
=========================================================================

Performing bidirectional port resolution...

Synthesizing Unit <Receiver>.
    Related source file is "F:/college/be/project/Final_tested/xlinx_Files/kit_rec/Receiver.vhd".
WARNING:Xst:646 - Signal <rdReg> is assigned but never used.
    Found finite state machine <FSM_0> for signal <strCur>.
    -----------------------------------------------------------------------
    | States             | 4                                              |
    | Transitions        | 7                                              |
    | Inputs             | 3                                              |
    | Outputs            | 4                                              |
    | Clock              | rClk (rising_edge)                             |
    | Reset              | RST (positive)                                 |
    | Reset type         | synchronous                                    |
    | Reset State        | stridle                                        |
    | Power Up State     | stridle                                        |
    | Encoding           | automatic                                      |
    | Implementation     | LUT                                            |
    -----------------------------------------------------------------------
    Found 1-bit register for signal <RXD>.
    Found 8-bit register for signal <DBOUT>.
    Found 1-bit register for signal <RDA>.
    Found 1-bit register for signal <PE>.
    Found 1-bit register for signal <FE>.
    Found 1-bit register for signal <OE>.
    Found 4-bit up counter for signal <clkDiv>.
    Found 32-bit up counter for signal <count>.
    Found 32-bit comparator less for signal <count$cmp_lt0000> created at line 116.
    Found 4-bit up counter for signal <ctr>.
    Found 4-bit up counter for signal <dataCtr>.
    Found 1-bit xor9 for signal <parError$xor0000> created at line 78.
    Found 1-bit register for signal <rClk>.
    Found 10-bit register for signal <rdSReg>.
    Found 1-bit 11-to-1 multiplexer for signal <RXD$mux0000> created at line 120.
    Found 1-bit register for signal <tclk>.
    Found 8-bit up counter for signal <tclkdiv>.
    Summary:
	inferred   1 Finite State Machine(s).
	inferred   5 Counter(s).
	inferred  25 D-type flip-flop(s).
	inferred   1 Comparator(s).
	inferred   1 Multiplexer(s).
	inferred   1 Xor(s).
Unit <Receiver> synthesized.


=========================================================================
HDL Synthesis Report

Macro Statistics
# Counters                                             : 5
 32-bit up counter                                     : 1
 4-bit up counter                                      : 3
 8-bit up counter                                      : 1
# Registers                                            : 8
 1-bit register                                        : 6
 10-bit register                                       : 1
 8-bit register                                        : 1
# Comparators                                          : 1
 32-bit comparator less                                : 1
# Multiplexers                                         : 1
 1-bit 11-to-1 multiplexer                             : 1
# Xors                                                 : 1
 1-bit xor9                                            : 1

=========================================================================

=========================================================================
*                       Advanced HDL Synthesis                          *
=========================================================================

Analyzing FSM <FSM_0> for best encoding.
Optimizing FSM <strCur> on signal <strCur[1:2]> with sequential encoding.
---------------------------
 State         | Encoding
---------------------------
 stridle       | 00
 streightdelay | 01
 strgetdata    | 10
 strcheckstop  | 11
---------------------------
Loading device for application Rf_Device from file '3s400.nph' in environment C:\Xilinx92i.

=========================================================================
Advanced HDL Synthesis Report

Macro Statistics
# FSMs                                                 : 1
# Counters                                             : 4
 32-bit up counter                                     : 1
 4-bit up counter                                      : 3
# Registers                                            : 26
 Flip-Flops                                            : 26
# Comparators                                          : 1
 32-bit comparator less                                : 1
# Multiplexers                                         : 1
 1-bit 11-to-1 multiplexer                             : 1
# Xors                                                 : 1
 1-bit xor9                                            : 1

=========================================================================

=========================================================================
*                         Low Level Synthesis                           *
=========================================================================

Optimizing unit <Receiver> ...

Mapping all equations...
Building and optimizing final netlist ...
Found area constraint ratio of 100 (+ 5) on block Receiver, actual ratio is 1.

Final Macro Processing ...

=========================================================================
Final Register Report

Macro Statistics
# Registers                                            : 70
 Flip-Flops                                            : 70

=========================================================================

=========================================================================
*                          Partition Report                             *
=========================================================================

Partition Implementation Status
-------------------------------

  No Partitions were found in this design.

-------------------------------

=========================================================================
*                            Final Report                               *
=========================================================================
Final Results
RTL Top Level Output File Name     : Receiver.ngr
Top Level Output File Name         : Receiver
Output Format                      : NGC
Optimization Goal                  : Speed
Keep Hierarchy                     : NO

Design Statistics
# IOs                              : 27

Cell Usage :
# BELS                             : 160
#      GND                         : 1
#      INV                         : 8
#      LUT1                        : 32
#      LUT2                        : 8
#      LUT2_L                      : 1
#      LUT3                        : 10
#      LUT3_D                      : 1
#      LUT3_L                      : 2
#      LUT4                        : 20
#      MUXCY                       : 42
#      MUXF5                       : 2
#      MUXF6                       : 1
#      VCC                         : 1
#      XORCY                       : 31
# FlipFlops/Latches                : 70
#      FDCE                        : 4
#      FDE                         : 52
#      FDR                         : 9
#      FDRE                        : 4
#      FDRSE                       : 1
# Clock Buffers                    : 2
#      BUFG                        : 1
#      BUFGP                       : 1
# IO Buffers                       : 26
#      IBUF                        : 13
#      OBUF                        : 13
=========================================================================

Device utilization summary:
---------------------------

Selected Device : 3s400pq208-5 

 Number of Slices:                      51  out of   3584     1%  
 Number of Slice Flip Flops:            70  out of   7168     0%  
 Number of 4 input LUTs:                82  out of   7168     1%  
 Number of IOs:                         27
 Number of bonded IOBs:                 27  out of    141    19%  
 Number of GCLKs:                        2  out of      8    25%  

---------------------------
Partition Resource Summary:
---------------------------

  No Partitions were found in this design.

---------------------------


=========================================================================
TIMING REPORT

NOTE: THESE TIMING NUMBERS ARE ONLY A SYNTHESIS ESTIMATE.
      FOR ACCURATE TIMING INFORMATION PLEASE REFER TO THE TRACE REPORT
      GENERATED AFTER PLACE-and-ROUTE.

Clock Information:
------------------
-----------------------------------+------------------------+-------+
Clock Signal                       | Clock buffer(FF name)  | Load  |
-----------------------------------+------------------------+-------+
CLK                                | BUFGP                  | 5     |
rClk1                              | BUFG                   | 65    |
-----------------------------------+------------------------+-------+

Asynchronous Control Signals Information:
----------------------------------------
-----------------------------------+------------------------+-------+
Control Signal                     | Buffer(FF name)        | Load  |
-----------------------------------+------------------------+-------+
FE_or0000(FE_or00001:O)            | NONE(FE)               | 4     |
-----------------------------------+------------------------+-------+

Timing Summary:
---------------
Speed Grade: -5

   Minimum period: 6.816ns (Maximum Frequency: 146.720MHz)
   Minimum input arrival time before clock: 4.364ns
   Maximum output required time after clock: 6.314ns
   Maximum combinational path delay: No path found

Timing Detail:
--------------
All values displayed in nanoseconds (ns)

=========================================================================
Timing constraint: Default period analysis for Clock 'CLK'
  Clock period: 3.858ns (frequency: 259.222MHz)
  Total number of paths / destination ports: 31 / 10
-------------------------------------------------------------------------
Delay:               3.858ns (Levels of Logic = 1)
  Source:            clkDiv_0 (FF)
  Destination:       clkDiv_0 (FF)
  Source Clock:      CLK rising
  Destination Clock: CLK rising

  Data Path: clkDiv_0 to clkDiv_0
                                Gate     Net
    Cell:in->out      fanout   Delay   Delay  Logical Name (Net Name)
    ----------------------------------------  ------------
     FDR:C->Q              5   0.626   1.078  clkDiv_0 (clkDiv_0)
     LUT4:I0->O            5   0.479   0.783  clkDiv_cmp_eq00001 (clkDiv_cmp_eq0000)
     FDR:R                     0.892          clkDiv_0
    ----------------------------------------
    Total                      3.858ns (1.997ns logic, 1.861ns route)
                                       (51.8% logic, 48.2% route)

=========================================================================
Timing constraint: Default period analysis for Clock 'rClk1'
  Clock period: 6.816ns (frequency: 146.720MHz)
  Total number of paths / destination ports: 1841 / 132
-------------------------------------------------------------------------
Delay:               6.816ns (Levels of Logic = 13)
  Source:            count_0 (FF)
  Destination:       RXD (FF)
  Source Clock:      rClk1 rising
  Destination Clock: rClk1 rising

  Data Path: count_0 to RXD
                                Gate     Net
    Cell:in->out      fanout   Delay   Delay  Logical Name (Net Name)
    ----------------------------------------  ------------
     FDE:C->Q              5   0.626   1.078  count_0 (count_0)
     LUT2:I0->O            1   0.479   0.000  Mcompar_count_cmp_lt0000_lut<0> (N7)
     MUXCY:S->O            1   0.435   0.000  Mcompar_count_cmp_lt0000_cy<0> (Mcompar_count_cmp_lt0000_cy<0>)
     MUXCY:CI->O           1   0.056   0.000  Mcompar_count_cmp_lt0000_cy<1> (Mcompar_count_cmp_lt0000_cy<1>)
     MUXCY:CI->O           1   0.056   0.000  Mcompar_count_cmp_lt0000_cy<2> (Mcompar_count_cmp_lt0000_cy<2>)
     MUXCY:CI->O           1   0.056   0.000  Mcompar_count_cmp_lt0000_cy<3> (Mcompar_count_cmp_lt0000_cy<3>)
     MUXCY:CI->O           1   0.056   0.000  Mcompar_count_cmp_lt0000_cy<4> (Mcompar_count_cmp_lt0000_cy<4>)
     MUXCY:CI->O           1   0.056   0.000  Mcompar_count_cmp_lt0000_cy<5> (Mcompar_count_cmp_lt0000_cy<5>)
     MUXCY:CI->O           1   0.056   0.000  Mcompar_count_cmp_lt0000_cy<6> (Mcompar_count_cmp_lt0000_cy<6>)
     MUXCY:CI->O           1   0.056   0.000  Mcompar_count_cmp_lt0000_cy<7> (Mcompar_count_cmp_lt0000_cy<7>)
     MUXCY:CI->O           1   0.056   0.000  Mcompar_count_cmp_lt0000_cy<8> (Mcompar_count_cmp_lt0000_cy<8>)
     MUXCY:CI->O           1   0.056   0.000  Mcompar_count_cmp_lt0000_cy<9> (Mcompar_count_cmp_lt0000_cy<9>)
     MUXCY:CI->O           1   0.265   0.851  Mcompar_count_cmp_lt0000_cy<10> (Mcompar_count_cmp_lt0000_cy<10>)
     LUT2:I1->O           33   0.479   1.580  count_and00001 (count_and0000)
     FDE:CE                    0.524          RXD
    ----------------------------------------
    Total                      6.816ns (3.307ns logic, 3.509ns route)
                                       (48.5% logic, 51.5% route)

=========================================================================
Timing constraint: Default OFFSET IN BEFORE for Clock 'rClk1'
  Total number of paths / destination ports: 62 / 44
-------------------------------------------------------------------------
Offset:              4.364ns (Levels of Logic = 2)
  Source:            RD (PAD)
  Destination:       RXD (FF)
  Destination Clock: rClk1 rising

  Data Path: RD to RXD
                                Gate     Net
    Cell:in->out      fanout   Delay   Delay  Logical Name (Net Name)
    ----------------------------------------  ------------
     IBUF:I->O             3   0.715   1.066  RD_IBUF (RD_IBUF)
     LUT2:I0->O           33   0.479   1.580  count_and00001 (count_and0000)
     FDE:CE                    0.524          RXD
    ----------------------------------------
    Total                      4.364ns (1.718ns logic, 2.646ns route)
                                       (39.4% logic, 60.6% route)

=========================================================================
Timing constraint: Default OFFSET OUT AFTER for Clock 'rClk1'
  Total number of paths / destination ports: 13 / 13
-------------------------------------------------------------------------
Offset:              6.314ns (Levels of Logic = 1)
  Source:            RXD (FF)
  Destination:       RXD (PAD)
  Source Clock:      rClk1 rising

  Data Path: RXD to RXD
                                Gate     Net
    Cell:in->out      fanout   Delay   Delay  Logical Name (Net Name)
    ----------------------------------------  ------------
     FDE:C->Q              4   0.626   0.779  RXD (RXD_OBUF)
     OBUF:I->O                 4.909          RXD_OBUF (RXD)
    ----------------------------------------
    Total                      6.314ns (5.535ns logic, 0.779ns route)
                                       (87.7% logic, 12.3% route)

=========================================================================
CPU : 9.58 / 10.05 s | Elapsed : 9.00 / 10.00 s
 
--> 

Total memory usage is 196604 kilobytes

Number of errors   :    0 (   0 filtered)
Number of warnings :    1 (   0 filtered)
Number of infos    :    0 (   0 filtered)

