iMPACT Version: 
iMPACT log file Started on Thu May 29 13:14:56 2014

// *** BATCH CMD : setMode -bs
// *** BATCH CMD : setMode -bs
GUI --- Auto connect to cable...
// *** BATCH CMD : setCable -port auto
AutoDetecting cable. Please wait.
PROGRESS_START - Starting Operation.
Connecting to cable (Parallel Port - LPT1).
Checking cable driver.
 Driver windrvr6.sys version = 8.1.1.0. WinDriver v8.11 Jungo (c) 1997 - 2006 Build Date: Oct 16 2006 X86 32bit SYS12:35:07, version = 811.
 LPT base address = 0378h.
 ECP base address = 0778h.
Cable connection established.
PROGRESS_END - End Operation.
Elapsed time =      1 sec.
Attempting to identify devices in the boundary-scan chain configuration...// *** BATCH CMD : Identify 
PROGRESS_START - Starting Operation.
Identifying chain contents ....'1': : Manufacturer's ID =Xilinx xc3s400, Version : 0
INFO:iMPACT:1777 - 
   Reading C:/Xilinx92i/spartan3/data/xc3s400.bsd...
INFO:iMPACT:501 - '1': Added Device xc3s400 successfully.
----------------------------------------------------------------------
----------------------------------------------------------------------
done.
PROGRESS_END - End Operation.
Elapsed time =      0 sec.
// *** BATCH CMD : identifyMPM 
// *** BATCH CMD : assignFile -p 1 -file "I:/Average_filtering/average.bit"
'1': Loading file 'I:/Average_filtering/average.bit' ...
done.
WARNING:iMPACT:2257 - Startup Clock has been changed to 'JtagClk' in the   bitstream stored in memory,
   but the original bitstream file remains unchanged.
INFO:iMPACT:501 - '1': Added Device xc3s400 successfully.
----------------------------------------------------------------------
----------------------------------------------------------------------
----------------------------------------------------------------------
----------------------------------------------------------------------
// *** BATCH CMD : Program -p 1 -defaultVersion 0 
Maximum TCK operating frequency for this device chain: 0.
Validating chain...
Boundary-scan chain validated successfully.
'1': Programming device...
PROGRESS_START - Starting Operation.
done.
'1': Reading status register contents...
CRC error                                         :         0
RESERVED                                          :         0
DCM locked                                        :         1
DCI Matched                                       :         1
legacy input error                                :         0
status of GTS_CFG_B                               :         1
status of GWE                                     :         1
status of GHIGH                                   :         1
value of MODE pin M0                              :         1
value of MODE pin M1                              :         1
value of MODE pin M2                              :         1
value of CFG_RDY (INIT_B)                         :         1
DONEIN input from DONE pin                        :         1
ID_ERROR                                          :         0
RESERVED                                          :         0
RESERVED                                          :         0
INFO:iMPACT:2219 - Status register values:
INFO:iMPACT - 0011 0111 1111 1000 0000 0000 0000 0000 
INFO:iMPACT:579 - '1': Completed downloading bit file to device.
INFO:iMPACT - '1': Checking done pin....done.
'1': Programmed successfully.
PROGRESS_END - End Operation.
Elapsed time =      7 sec.
Updating config file I:/Average_filtering/average.bit...
WARNING:iMPACT:2257 - Startup Clock has been changed to 'JtagClk' in the   bitstream stored in memory,
   but the original bitstream file remains unchanged.
// *** BATCH CMD : Program -p 1 -defaultVersion 0 
Maximum TCK operating frequency for this device chain: 0.
Validating chain...
Boundary-scan chain validated successfully.
'1': Programming device...
PROGRESS_START - Starting Operation.
done.
'1': Reading status register contents...
CRC error                                         :         0
RESERVED                                          :         0
DCM locked                                        :         1
DCI Matched                                       :         1
legacy input error                                :         0
status of GTS_CFG_B                               :         0
status of GWE                                     :         0
status of GHIGH                                   :         0
value of MODE pin M0                              :         1
value of MODE pin M1                              :         1
value of MODE pin M2                              :         1
value of CFG_RDY (INIT_B)                         :         1
DONEIN input from DONE pin                        :         0
ID_ERROR                                          :         0
RESERVED                                          :         0
RESERVED                                          :         0
INFO:iMPACT:2219 - Status register values:
INFO:iMPACT - 0011 0000 1111 0000 0000 0000 0000 0000 
INFO:iMPACT:579 - '1': Completed downloading bit file to device.
INFO:iMPACT - '1': Checking done pin....done.
'1': Programming terminated. DONE did not go high.
PROGRESS_END - End Operation.
Elapsed time =      8 sec.
// *** BATCH CMD : Program -p 1 -defaultVersion 0 
Maximum TCK operating frequency for this device chain: 0.
Validating chain...
Boundary-scan chain validated successfully.
'1': Programming device...
PROGRESS_START - Starting Operation.
done.
'1': Reading status register contents...
CRC error                                         :         0
RESERVED                                          :         0
DCM locked                                        :         1
DCI Matched                                       :         1
legacy input error                                :         0
status of GTS_CFG_B                               :         1
status of GWE                                     :         1
status of GHIGH                                   :         1
value of MODE pin M0                              :         1
value of MODE pin M1                              :         1
value of MODE pin M2                              :         1
value of CFG_RDY (INIT_B)                         :         1
DONEIN input from DONE pin                        :         1
ID_ERROR                                          :         0
RESERVED                                          :         0
RESERVED                                          :         0
INFO:iMPACT:2219 - Status register values:
INFO:iMPACT - 0011 0111 1111 1000 0000 0000 0000 0000 
INFO:iMPACT:579 - '1': Completed downloading bit file to device.
INFO:iMPACT - '1': Checking done pin....done.
'1': Programmed successfully.
PROGRESS_END - End Operation.
Elapsed time =      7 sec.
// *** BATCH CMD : Program -p 1 -defaultVersion 0 
Maximum TCK operating frequency for this device chain: 0.
Validating chain...
Boundary-scan chain validated successfully.
'1': Programming device...
PROGRESS_START - Starting Operation.
done.
'1': Reading status register contents...
CRC error                                         :         0
RESERVED                                          :         0
DCM locked                                        :         1
DCI Matched                                       :         1
legacy input error                                :         0
status of GTS_CFG_B                               :         0
status of GWE                                     :         0
status of GHIGH                                   :         0
value of MODE pin M0                              :         1
value of MODE pin M1                              :         1
value of MODE pin M2                              :         1
value of CFG_RDY (INIT_B)                         :         1
DONEIN input from DONE pin                        :         0
ID_ERROR                                          :         0
RESERVED                                          :         0
RESERVED                                          :         0
INFO:iMPACT:2219 - Status register values:
INFO:iMPACT - 0011 0000 1111 0000 0000 0000 0000 0000 
INFO:iMPACT:579 - '1': Completed downloading bit file to device.
INFO:iMPACT - '1': Checking done pin....done.
'1': Programming terminated. DONE did not go high.
PROGRESS_END - End Operation.
Elapsed time =      7 sec.
// *** BATCH CMD : Program -p 1 -defaultVersion 0 
Maximum TCK operating frequency for this device chain: 0.
Validating chain...
Boundary-scan chain validated successfully.
'1': Programming device...
PROGRESS_START - Starting Operation.
done.
'1': Reading status register contents...
CRC error                                         :         0
RESERVED                                          :         0
DCM locked                                        :         1
DCI Matched                                       :         1
legacy input error                                :         0
status of GTS_CFG_B                               :         1
status of GWE                                     :         1
status of GHIGH                                   :         1
value of MODE pin M0                              :         1
value of MODE pin M1                              :         1
value of MODE pin M2                              :         1
value of CFG_RDY (INIT_B)                         :         1
DONEIN input from DONE pin                        :         1
ID_ERROR                                          :         0
RESERVED                                          :         0
RESERVED                                          :         0
INFO:iMPACT:2219 - Status register values:
INFO:iMPACT - 0011 0111 1111 1000 0000 0000 0000 0000 
INFO:iMPACT:579 - '1': Completed downloading bit file to device.
INFO:iMPACT - '1': Checking done pin....done.
'1': Programmed successfully.
PROGRESS_END - End Operation.
Elapsed time =      7 sec.
// *** BATCH CMD : Program -p 1 -defaultVersion 0 
Maximum TCK operating frequency for this device chain: 0.
Validating chain...
Boundary-scan chain validated successfully.
'1': Programming device...
PROGRESS_START - Starting Operation.
done.
'1': Reading status register contents...
CRC error                                         :         0
RESERVED                                          :         0
DCM locked                                        :         1
DCI Matched                                       :         1
legacy input error                                :         0
status of GTS_CFG_B                               :         1
status of GWE                                     :         1
status of GHIGH                                   :         1
value of MODE pin M0                              :         1
value of MODE pin M1                              :         1
value of MODE pin M2                              :         1
value of CFG_RDY (INIT_B)                         :         1
DONEIN input from DONE pin                        :         1
ID_ERROR                                          :         0
RESERVED                                          :         0
RESERVED                                          :         0
INFO:iMPACT:2219 - Status register values:
INFO:iMPACT - 0011 0111 1111 1000 0000 0000 0000 0000 
INFO:iMPACT:579 - '1': Completed downloading bit file to device.
INFO:iMPACT - '1': Checking done pin....done.
'1': Programmed successfully.
PROGRESS_END - End Operation.
Elapsed time =      7 sec.
Updating config file I:/Average_filtering/average.bit...
WARNING:iMPACT:2257 - Startup Clock has been changed to 'JtagClk' in the   bitstream stored in memory,
   but the original bitstream file remains unchanged.
// *** BATCH CMD : Program -p 1 -defaultVersion 0 
Maximum TCK operating frequency for this device chain: 0.
Validating chain...
Boundary-scan chain validated successfully.
'1': Programming device...
PROGRESS_START - Starting Operation.
done.
'1': Reading status register contents...
CRC error                                         :         0
RESERVED                                          :         0
DCM locked                                        :         1
DCI Matched                                       :         1
legacy input error                                :         0
status of GTS_CFG_B                               :         1
status of GWE                                     :         1
status of GHIGH                                   :         1
value of MODE pin M0                              :         1
value of MODE pin M1                              :         1
value of MODE pin M2                              :         1
value of CFG_RDY (INIT_B)                         :         1
DONEIN input from DONE pin                        :         1
ID_ERROR                                          :         0
RESERVED                                          :         0
RESERVED                                          :         0
INFO:iMPACT:2219 - Status register values:
INFO:iMPACT - 0011 0111 1111 1000 0000 0000 0000 0000 
INFO:iMPACT:579 - '1': Completed downloading bit file to device.
INFO:iMPACT - '1': Checking done pin....done.
'1': Programmed successfully.
PROGRESS_END - End Operation.
Elapsed time =      7 sec.
// *** BATCH CMD : Program -p 1 -defaultVersion 0 
Maximum TCK operating frequency for this device chain: 0.
Validating chain...
Boundary-scan chain validated successfully.
'1': Programming device...
PROGRESS_START - Starting Operation.
done.
'1': Reading status register contents...
CRC error                                         :         0
RESERVED                                          :         0
DCM locked                                        :         1
DCI Matched                                       :         1
legacy input error                                :         0
status of GTS_CFG_B                               :         1
status of GWE                                     :         1
status of GHIGH                                   :         1
value of MODE pin M0                              :         1
value of MODE pin M1                              :         1
value of MODE pin M2                              :         1
value of CFG_RDY (INIT_B)                         :         1
DONEIN input from DONE pin                        :         1
ID_ERROR                                          :         0
RESERVED                                          :         0
RESERVED                                          :         0
INFO:iMPACT:2219 - Status register values:
INFO:iMPACT - 0011 0111 1111 1000 0000 0000 0000 0000 
INFO:iMPACT:579 - '1': Completed downloading bit file to device.
INFO:iMPACT - '1': Checking done pin....done.
'1': Programmed successfully.
PROGRESS_END - End Operation.
Elapsed time =      7 sec.
Updating config file I:/Average_filtering/average.bit...
WARNING:iMPACT:2257 - Startup Clock has been changed to 'JtagClk' in the   bitstream stored in memory,
   but the original bitstream file remains unchanged.
// *** BATCH CMD : Program -p 1 -defaultVersion 0 
Maximum TCK operating frequency for this device chain: 0.
Validating chain...
Boundary-scan chain validated successfully.
'1': Programming device...
PROGRESS_START - Starting Operation.
done.
'1': Reading status register contents...
CRC error                                         :         0
RESERVED                                          :         0
DCM locked                                        :         1
DCI Matched                                       :         1
legacy input error                                :         0
status of GTS_CFG_B                               :         1
status of GWE                                     :         1
status of GHIGH                                   :         1
value of MODE pin M0                              :         1
value of MODE pin M1                              :         1
value of MODE pin M2                              :         1
value of CFG_RDY (INIT_B)                         :         1
DONEIN input from DONE pin                        :         1
ID_ERROR                                          :         0
RESERVED                                          :         0
RESERVED                                          :         0
INFO:iMPACT:2219 - Status register values:
INFO:iMPACT - 0011 0111 1111 1000 0000 0000 0000 0000 
INFO:iMPACT:579 - '1': Completed downloading bit file to device.
INFO:iMPACT - '1': Checking done pin....done.
'1': Programmed successfully.
PROGRESS_END - End Operation.
Elapsed time =      7 sec.
// *** BATCH CMD : Program -p 1 -defaultVersion 0 
Maximum TCK operating frequency for this device chain: 0.
Validating chain...
Boundary-scan chain validated successfully.
'1': Programming device...
PROGRESS_START - Starting Operation.
done.
'1': Reading status register contents...
CRC error                                         :         0
RESERVED                                          :         0
DCM locked                                        :         1
DCI Matched                                       :         1
legacy input error                                :         0
status of GTS_CFG_B                               :         1
status of GWE                                     :         1
status of GHIGH                                   :         1
value of MODE pin M0                              :         1
value of MODE pin M1                              :         1
value of MODE pin M2                              :         1
value of CFG_RDY (INIT_B)                         :         1
DONEIN input from DONE pin                        :         1
ID_ERROR                                          :         0
RESERVED                                          :         0
RESERVED                                          :         0
INFO:iMPACT:2219 - Status register values:
INFO:iMPACT - 0011 0111 1111 1000 0000 0000 0000 0000 
INFO:iMPACT:579 - '1': Completed downloading bit file to device.
INFO:iMPACT - '1': Checking done pin....done.
'1': Programmed successfully.
PROGRESS_END - End Operation.
Elapsed time =      7 sec.
// *** BATCH CMD : setMode -bs
// *** BATCH CMD : deleteDevice -position 1
// *** BATCH CMD : setMode -bs
// *** BATCH CMD : setMode -bs
GUI --- Auto connect to cable...
// *** BATCH CMD : setCable -port auto
AutoDetecting cable. Please wait.
PROGRESS_START - Starting Operation.
Connecting to cable (Parallel Port - LPT1).
Checking cable driver.
 Driver windrvr6.sys version = 8.1.1.0. WinDriver v8.11 Jungo (c) 1997 - 2006 Build Date: Oct 16 2006 X86 32bit SYS12:35:07, version = 811.
 LPT base address = 0378h.
 ECP base address = 0778h.
Cable connection established.
PROGRESS_END - End Operation.
Elapsed time =      0 sec.
Attempting to identify devices in the boundary-scan chain configuration...// *** BATCH CMD : Identify 
PROGRESS_START - Starting Operation.
Identifying chain contents ....'1': : Manufacturer's ID =Xilinx xc3s400, Version : 0
INFO:iMPACT:1777 - 
   Reading C:/Xilinx92i/spartan3/data/xc3s400.bsd...
INFO:iMPACT:501 - '1': Added Device xc3s400 successfully.
----------------------------------------------------------------------
----------------------------------------------------------------------
done.
PROGRESS_END - End Operation.
Elapsed time =      0 sec.
// *** BATCH CMD : identifyMPM 
// *** BATCH CMD : assignFile -p 1 -file "I:/Average_filtering/average.bit"
'1': Loading file 'I:/Average_filtering/average.bit' ...
done.
WARNING:iMPACT:2257 - Startup Clock has been changed to 'JtagClk' in the   bitstream stored in memory,
   but the original bitstream file remains unchanged.
INFO:iMPACT:501 - '1': Added Device xc3s400 successfully.
----------------------------------------------------------------------
----------------------------------------------------------------------
----------------------------------------------------------------------
----------------------------------------------------------------------
// *** BATCH CMD : Program -p 1 -defaultVersion 0 
Maximum TCK operating frequency for this device chain: 0.
Validating chain...
Boundary-scan chain validated successfully.
'1': Programming device...
PROGRESS_START - Starting Operation.
done.
'1': Reading status register contents...
CRC error                                         :         0
RESERVED                                          :         0
DCM locked                                        :         1
DCI Matched                                       :         1
legacy input error                                :         0
status of GTS_CFG_B                               :         1
status of GWE                                     :         1
status of GHIGH                                   :         1
value of MODE pin M0                              :         1
value of MODE pin M1                              :         1
value of MODE pin M2                              :         1
value of CFG_RDY (INIT_B)                         :         1
DONEIN input from DONE pin                        :         1
ID_ERROR                                          :         0
RESERVED                                          :         0
RESERVED                                          :         0
INFO:iMPACT:2219 - Status register values:
INFO:iMPACT - 0011 0111 1111 1000 0000 0000 0000 0000 
INFO:iMPACT:579 - '1': Completed downloading bit file to device.
INFO:iMPACT - '1': Checking done pin....done.
'1': Programmed successfully.
PROGRESS_END - End Operation.
Elapsed time =      7 sec.
// *** BATCH CMD : Verify -p 1 
Maximum TCK operating frequency for this device chain: 0.
Validating chain...
Boundary-scan chain validated successfully.
PROGRESS_START - Starting Operation.
ERROR:Bitstream:2 - The input file "I:/Average_filtering/average.msk" does not   exist.  Please check that the specified location is correct and that the   bitstream was successfully created.
ERROR:iMPACT:123 - Mask file I:/Average_filtering/average.msk is invalid.
PROGRESS_END - End Operation.
Elapsed time =      0 sec.
// *** BATCH CMD : Program -p 1 -defaultVersion 0 
Maximum TCK operating frequency for this device chain: 0.
Validating chain...
Boundary-scan chain validated successfully.
'1': Programming device...
PROGRESS_START - Starting Operation.
done.
'1': Reading status register contents...
CRC error                                         :         0
RESERVED                                          :         0
DCM locked                                        :         1
DCI Matched                                       :         1
legacy input error                                :         0
status of GTS_CFG_B                               :         1
status of GWE                                     :         1
status of GHIGH                                   :         1
value of MODE pin M0                              :         1
value of MODE pin M1                              :         1
value of MODE pin M2                              :         1
value of CFG_RDY (INIT_B)                         :         1
DONEIN input from DONE pin                        :         1
ID_ERROR                                          :         0
RESERVED                                          :         0
RESERVED                                          :         0
INFO:iMPACT:2219 - Status register values:
INFO:iMPACT - 0011 0111 1111 1000 0000 0000 0000 0000 
INFO:iMPACT:579 - '1': Completed downloading bit file to device.
INFO:iMPACT - '1': Checking done pin....done.
'1': Programmed successfully.
PROGRESS_END - End Operation.
Elapsed time =      7 sec.
Updating config file I:/Average_filtering/average.bit...
WARNING:iMPACT:2257 - Startup Clock has been changed to 'JtagClk' in the   bitstream stored in memory,
   but the original bitstream file remains unchanged.
// *** BATCH CMD : Program -p 1 -defaultVersion 0 
Maximum TCK operating frequency for this device chain: 0.
Validating chain...
Boundary-scan chain validated successfully.
'1': Programming device...
PROGRESS_START - Starting Operation.
done.
'1': Reading status register contents...
CRC error                                         :         0
RESERVED                                          :         0
DCM locked                                        :         1
DCI Matched                                       :         1
legacy input error                                :         0
status of GTS_CFG_B                               :         1
status of GWE                                     :         1
status of GHIGH                                   :         1
value of MODE pin M0                              :         1
value of MODE pin M1                              :         1
value of MODE pin M2                              :         1
value of CFG_RDY (INIT_B)                         :         1
DONEIN input from DONE pin                        :         1
ID_ERROR                                          :         0
RESERVED                                          :         0
RESERVED                                          :         0
INFO:iMPACT:2219 - Status register values:
INFO:iMPACT - 0011 0111 1111 1000 0000 0000 0000 0000 
INFO:iMPACT:579 - '1': Completed downloading bit file to device.
INFO:iMPACT - '1': Checking done pin....done.
'1': Programmed successfully.
PROGRESS_END - End Operation.
Elapsed time =      7 sec.
// *** BATCH CMD : setMode -bs
// *** BATCH CMD : deleteDevice -position 1
