--------------------------------------------------------------------------------
Release 9.2i Trace 
Copyright (c) 1995-2007 Xilinx, Inc.  All rights reserved.

C:\Xilinx92i\bin\nt\trce.exe -ise I:/Average_filtering/Average_filtering.ise
-intstyle ise -e 3 -s 5 -xml average average.ncd -o average.twr average.pcf
-ucf average.ucf

Design file:              average.ncd
Physical constraint file: average.pcf
Device,package,speed:     xc3s400,pq208,-5 (PRODUCTION 1.39 2007-04-13)
Report level:             error report

Environment Variable      Effect 
--------------------      ------ 
NONE                      No environment variables were set
--------------------------------------------------------------------------------

INFO:Timing:2698 - No timing constraints found, doing default enumeration.
INFO:Timing:2752 - To get complete path coverage, use the unconstrained paths 
   option. All paths that are not constrained will be reported in the 
   unconstrained paths section(s) of the report.
INFO:Timing:3339 - The clock-to-out numbers in this timing report are based on 
   a 50 Ohm transmission line loading model.  For the details of this model, 
   and for more information on accounting for different loading conditions, 
   please see the device datasheet.



Data Sheet report:
-----------------
All values displayed in nanoseconds (ns)

Setup/Hold to clock rst_n
------------+------------+------------+------------------+--------+
            |  Setup to  |  Hold to   |                  | Clock  |
Source      | clk (edge) | clk (edge) |Internal Clock(s) | Phase  |
------------+------------+------------+------------------+--------+
Mat0<1>     |    5.934(F)|   -0.834(F)|valid_OBUF        |   0.000|
Mat0<2>     |    5.711(F)|   -0.470(F)|valid_OBUF        |   0.000|
Mat0<3>     |    5.778(F)|   -0.662(F)|valid_OBUF        |   0.000|
Mat0<4>     |    5.532(F)|   -0.295(F)|valid_OBUF        |   0.000|
Mat0<5>     |    4.957(F)|    0.209(F)|valid_OBUF        |   0.000|
Mat0<6>     |    4.952(F)|   -0.588(F)|valid_OBUF        |   0.000|
Mat0<7>     |    3.916(F)|   -0.464(F)|valid_OBUF        |   0.000|
Mat1<1>     |    6.469(F)|   -1.385(F)|valid_OBUF        |   0.000|
Mat1<2>     |    6.252(F)|   -0.902(F)|valid_OBUF        |   0.000|
Mat1<3>     |    5.952(F)|   -0.802(F)|valid_OBUF        |   0.000|
Mat1<4>     |    6.189(F)|   -0.820(F)|valid_OBUF        |   0.000|
Mat1<5>     |    5.618(F)|   -0.320(F)|valid_OBUF        |   0.000|
Mat1<6>     |    5.723(F)|   -1.205(F)|valid_OBUF        |   0.000|
Mat1<7>     |    4.674(F)|   -1.071(F)|valid_OBUF        |   0.000|
Mat2<1>     |    3.505(F)|    0.966(F)|valid_OBUF        |   0.000|
Mat2<2>     |    3.639(F)|    0.355(F)|valid_OBUF        |   0.000|
Mat2<3>     |    3.445(F)|    0.648(F)|valid_OBUF        |   0.000|
Mat2<4>     |    3.087(F)|    1.243(F)|valid_OBUF        |   0.000|
Mat2<5>     |    3.633(F)|    0.155(F)|valid_OBUF        |   0.000|
Mat2<6>     |    2.706(F)|    0.504(F)|valid_OBUF        |   0.000|
Mat2<7>     |    1.826(F)|    0.916(F)|valid_OBUF        |   0.000|
------------+------------+------------+------------------+--------+

Clock rst_n to Pad
------------+------------+------------------+--------+
            | clk (edge) |                  | Clock  |
Destination |   to PAD   |Internal Clock(s) | Phase  |
------------+------------+------------------+--------+
out_pixel<0>|    9.461(F)|valid_OBUF        |   0.000|
out_pixel<1>|    9.461(F)|valid_OBUF        |   0.000|
out_pixel<2>|    9.461(F)|valid_OBUF        |   0.000|
out_pixel<3>|    9.461(F)|valid_OBUF        |   0.000|
out_pixel<4>|    9.461(F)|valid_OBUF        |   0.000|
out_pixel<5>|    9.461(F)|valid_OBUF        |   0.000|
out_pixel<6>|    9.461(F)|valid_OBUF        |   0.000|
------------+------------+------------------+--------+

Pad to Pad
---------------+---------------+---------+
Source Pad     |Destination Pad|  Delay  |
---------------+---------------+---------+
rst_n          |valid          |    8.779|
---------------+---------------+---------+


Analysis completed Thu May 29 14:33:25 2014 
--------------------------------------------------------------------------------

Trace Settings:
-------------------------
Trace Settings 

Peak Memory Usage: 82 MB



