Release 9.2i Map J.36
Xilinx Mapping Report File for Design 'sort_1'

Design Information
------------------
Command Line   : C:\Xilinx92i\bin\nt\map.exe -ise
C:/Xilinx/median/bubblesort.ise -intstyle ise -p xc3s400-pq208-5 -cm area -pr b
-k 4 -c 100 -o sort_1_map.ncd sort_1.ngd sort_1.pcf 
Target Device  : xc3s400
Target Package : pq208
Target Speed   : -5
Mapper Version : spartan3 -- $Revision: 1.36 $
Mapped Date    : Tue Jan 28 15:35:25 2014

Design Summary
--------------
Number of errors:      0
Number of warnings:    0
Logic Utilization:
  Number of Slice Latches:              8 out of   7,168    1%
  Number of 4 input LUTs:           2,697 out of   7,168   37%
Logic Distribution:
  Number of occupied Slices:                        1,355 out of   3,584   37%
    Number of Slices containing only related logic:   1,355 out of   1,355  100%
    Number of Slices containing unrelated logic:          0 out of   1,355    0%
      *See NOTES below for an explanation of the effects of unrelated logic
Total Number of 4 input LUTs:       2,697 out of   7,168   37%
  Number of bonded IOBs:               89 out of     141   63%

Total equivalent gate count for design:  18,313
Additional JTAG gate count for IOBs:  4,272
Peak Memory Usage:  196 MB
Total REAL time to MAP completion:  6 secs 
Total CPU time to MAP completion:   6 secs 

NOTES:

   Related logic is defined as being logic that shares connectivity - e.g. two
   LUTs are "related" if they share common inputs.  When assembling slices,
   Map gives priority to combine logic that is related.  Doing so results in
   the best timing performance.

   Unrelated logic shares no connectivity.  Map will only begin packing
   unrelated logic into a slice once 99% of the slices are occupied through
   related logic packing.

   Note that once logic distribution reaches the 99% level through related
   logic packing, this does not mean the device is completely utilized.
   Unrelated logic packing will then begin, continuing until all usable LUTs
   and FFs are occupied.  Depending on your timing budget, increased levels of
   unrelated logic packing may adversely affect the overall timing performance
   of your design.

Table of Contents
-----------------
Section 1 - Errors
Section 2 - Warnings
Section 3 - Informational
Section 4 - Removed Logic Summary
Section 5 - Removed Logic
Section 6 - IOB Properties
Section 7 - RPMs
Section 8 - Guide Report
Section 9 - Area Group and Partition Summary
Section 10 - Modular Design Summary
Section 11 - Timing Report
Section 12 - Configuration String Information
Section 13 - Control Set Information

Section 1 - Errors
------------------

Section 2 - Warnings
--------------------

Section 3 - Informational
-------------------------
INFO:MapLib:562 - No environment variables are currently set.
INFO:LIT:244 - All of the single ended outputs in this design are using slew
   rate limited output drivers. The delay on speed critical single ended outputs
   can be dramatically reduced by designating them as fast outputs in the
   schematic.

Section 4 - Removed Logic Summary
---------------------------------
   2 block(s) optimized away

Section 5 - Removed Logic
-------------------------

Optimized Block(s):
TYPE 		BLOCK
GND 		XST_GND
VCC 		XST_VCC

To enable printing of redundant blocks removed and signals merged, set the
detailed map report option and rerun map.

Section 6 - IOB Properties
--------------------------

+------------------------------------------------------------------------------------------------------------------------+
| IOB Name                           | Type    | Direction | IO Standard | Drive    | Slew | Reg (s)  | Resistor | IOB   |
|                                    |         |           |             | Strength | Rate |          |          | Delay |
+------------------------------------------------------------------------------------------------------------------------+
| Mat0<0>                            | IOB     | INPUT     | LVCMOS25    |          |      |          |          |       |
| Mat0<1>                            | IOB     | INPUT     | LVCMOS25    |          |      |          |          |       |
| Mat0<2>                            | IOB     | INPUT     | LVCMOS25    |          |      |          |          |       |
| Mat0<3>                            | IOB     | INPUT     | LVCMOS25    |          |      |          |          |       |
| Mat0<4>                            | IOB     | INPUT     | LVCMOS25    |          |      |          |          |       |
| Mat0<5>                            | IOB     | INPUT     | LVCMOS25    |          |      |          |          |       |
| Mat0<6>                            | IOB     | INPUT     | LVCMOS25    |          |      |          |          |       |
| Mat0<7>                            | IOB     | INPUT     | LVCMOS25    |          |      |          |          |       |
| Mat1<0>                            | IOB     | INPUT     | LVCMOS25    |          |      |          |          |       |
| Mat1<1>                            | IOB     | INPUT     | LVCMOS25    |          |      |          |          |       |
| Mat1<2>                            | IOB     | INPUT     | LVCMOS25    |          |      |          |          |       |
| Mat1<3>                            | IOB     | INPUT     | LVCMOS25    |          |      |          |          |       |
| Mat1<4>                            | IOB     | INPUT     | LVCMOS25    |          |      |          |          |       |
| Mat1<5>                            | IOB     | INPUT     | LVCMOS25    |          |      |          |          |       |
| Mat1<6>                            | IOB     | INPUT     | LVCMOS25    |          |      |          |          |       |
| Mat1<7>                            | IOB     | INPUT     | LVCMOS25    |          |      |          |          |       |
| Mat2<0>                            | IOB     | INPUT     | LVCMOS25    |          |      |          |          |       |
| Mat2<1>                            | IOB     | INPUT     | LVCMOS25    |          |      |          |          |       |
| Mat2<2>                            | IOB     | INPUT     | LVCMOS25    |          |      |          |          |       |
| Mat2<3>                            | IOB     | INPUT     | LVCMOS25    |          |      |          |          |       |
| Mat2<4>                            | IOB     | INPUT     | LVCMOS25    |          |      |          |          |       |
| Mat2<5>                            | IOB     | INPUT     | LVCMOS25    |          |      |          |          |       |
| Mat2<6>                            | IOB     | INPUT     | LVCMOS25    |          |      |          |          |       |
| Mat2<7>                            | IOB     | INPUT     | LVCMOS25    |          |      |          |          |       |
| Mat3<0>                            | IOB     | INPUT     | LVCMOS25    |          |      |          |          |       |
| Mat3<1>                            | IOB     | INPUT     | LVCMOS25    |          |      |          |          |       |
| Mat3<2>                            | IOB     | INPUT     | LVCMOS25    |          |      |          |          |       |
| Mat3<3>                            | IOB     | INPUT     | LVCMOS25    |          |      |          |          |       |
| Mat3<4>                            | IOB     | INPUT     | LVCMOS25    |          |      |          |          |       |
| Mat3<5>                            | IOB     | INPUT     | LVCMOS25    |          |      |          |          |       |
| Mat3<6>                            | IOB     | INPUT     | LVCMOS25    |          |      |          |          |       |
| Mat3<7>                            | IOB     | INPUT     | LVCMOS25    |          |      |          |          |       |
| Mat4<0>                            | IOB     | INPUT     | LVCMOS25    |          |      |          |          |       |
| Mat4<1>                            | IOB     | INPUT     | LVCMOS25    |          |      |          |          |       |
| Mat4<2>                            | IOB     | INPUT     | LVCMOS25    |          |      |          |          |       |
| Mat4<3>                            | IOB     | INPUT     | LVCMOS25    |          |      |          |          |       |
| Mat4<4>                            | IOB     | INPUT     | LVCMOS25    |          |      |          |          |       |
| Mat4<5>                            | IOB     | INPUT     | LVCMOS25    |          |      |          |          |       |
| Mat4<6>                            | IOB     | INPUT     | LVCMOS25    |          |      |          |          |       |
| Mat4<7>                            | IOB     | INPUT     | LVCMOS25    |          |      |          |          |       |
| Mat5<0>                            | IOB     | INPUT     | LVCMOS25    |          |      |          |          |       |
| Mat5<1>                            | IOB     | INPUT     | LVCMOS25    |          |      |          |          |       |
| Mat5<2>                            | IOB     | INPUT     | LVCMOS25    |          |      |          |          |       |
| Mat5<3>                            | IOB     | INPUT     | LVCMOS25    |          |      |          |          |       |
| Mat5<4>                            | IOB     | INPUT     | LVCMOS25    |          |      |          |          |       |
| Mat5<5>                            | IOB     | INPUT     | LVCMOS25    |          |      |          |          |       |
| Mat5<6>                            | IOB     | INPUT     | LVCMOS25    |          |      |          |          |       |
| Mat5<7>                            | IOB     | INPUT     | LVCMOS25    |          |      |          |          |       |
| Mat6<0>                            | IOB     | INPUT     | LVCMOS25    |          |      |          |          |       |
| Mat6<1>                            | IOB     | INPUT     | LVCMOS25    |          |      |          |          |       |
| Mat6<2>                            | IOB     | INPUT     | LVCMOS25    |          |      |          |          |       |
| Mat6<3>                            | IOB     | INPUT     | LVCMOS25    |          |      |          |          |       |
| Mat6<4>                            | IOB     | INPUT     | LVCMOS25    |          |      |          |          |       |
| Mat6<5>                            | IOB     | INPUT     | LVCMOS25    |          |      |          |          |       |
| Mat6<6>                            | IOB     | INPUT     | LVCMOS25    |          |      |          |          |       |
| Mat6<7>                            | IOB     | INPUT     | LVCMOS25    |          |      |          |          |       |
| Mat7<0>                            | IOB     | INPUT     | LVCMOS25    |          |      |          |          |       |
| Mat7<1>                            | IOB     | INPUT     | LVCMOS25    |          |      |          |          |       |
| Mat7<2>                            | IOB     | INPUT     | LVCMOS25    |          |      |          |          |       |
| Mat7<3>                            | IOB     | INPUT     | LVCMOS25    |          |      |          |          |       |
| Mat7<4>                            | IOB     | INPUT     | LVCMOS25    |          |      |          |          |       |
| Mat7<5>                            | IOB     | INPUT     | LVCMOS25    |          |      |          |          |       |
| Mat7<6>                            | IOB     | INPUT     | LVCMOS25    |          |      |          |          |       |
| Mat7<7>                            | IOB     | INPUT     | LVCMOS25    |          |      |          |          |       |
| Mat8<0>                            | IOB     | INPUT     | LVCMOS25    |          |      |          |          |       |
| Mat8<1>                            | IOB     | INPUT     | LVCMOS25    |          |      |          |          |       |
| Mat8<2>                            | IOB     | INPUT     | LVCMOS25    |          |      |          |          |       |
| Mat8<3>                            | IOB     | INPUT     | LVCMOS25    |          |      |          |          |       |
| Mat8<4>                            | IOB     | INPUT     | LVCMOS25    |          |      |          |          |       |
| Mat8<5>                            | IOB     | INPUT     | LVCMOS25    |          |      |          |          |       |
| Mat8<6>                            | IOB     | INPUT     | LVCMOS25    |          |      |          |          |       |
| Mat8<7>                            | IOB     | INPUT     | LVCMOS25    |          |      |          |          |       |
| out_pixel<0>                       | IOB     | OUTPUT    | LVCMOS25    | 12       | SLOW |          |          |       |
| out_pixel<1>                       | IOB     | OUTPUT    | LVCMOS25    | 12       | SLOW |          |          |       |
| out_pixel<2>                       | IOB     | OUTPUT    | LVCMOS25    | 12       | SLOW |          |          |       |
| out_pixel<3>                       | IOB     | OUTPUT    | LVCMOS25    | 12       | SLOW |          |          |       |
| out_pixel<4>                       | IOB     | OUTPUT    | LVCMOS25    | 12       | SLOW |          |          |       |
| out_pixel<5>                       | IOB     | OUTPUT    | LVCMOS25    | 12       | SLOW |          |          |       |
| out_pixel<6>                       | IOB     | OUTPUT    | LVCMOS25    | 12       | SLOW |          |          |       |
| out_pixel<7>                       | IOB     | OUTPUT    | LVCMOS25    | 12       | SLOW |          |          |       |
| rst_n                              | IOB     | INPUT     | LVCMOS25    |          |      |          |          |       |
| temp1<0>                           | IOB     | OUTPUT    | LVCMOS25    | 12       | SLOW |          |          |       |
| temp1<1>                           | IOB     | OUTPUT    | LVCMOS25    | 12       | SLOW |          |          |       |
| temp1<2>                           | IOB     | OUTPUT    | LVCMOS25    | 12       | SLOW |          |          |       |
| temp1<3>                           | IOB     | OUTPUT    | LVCMOS25    | 12       | SLOW |          |          |       |
| temp1<4>                           | IOB     | OUTPUT    | LVCMOS25    | 12       | SLOW |          |          |       |
| temp1<5>                           | IOB     | OUTPUT    | LVCMOS25    | 12       | SLOW |          |          |       |
| temp1<6>                           | IOB     | OUTPUT    | LVCMOS25    | 12       | SLOW |          |          |       |
| temp1<7>                           | IOB     | OUTPUT    | LVCMOS25    | 12       | SLOW |          |          |       |
+------------------------------------------------------------------------------------------------------------------------+

Section 7 - RPMs
----------------

Section 8 - Guide Report
------------------------
Guide not run on this design.

Section 9 - Area Group and Partition Summary
--------------------------------------------

Partition Implementation Status
-------------------------------

  No Partitions were found in this design.

-------------------------------

Area Group Information
----------------------

  No area groups were found in this design.


----------------------

Section 10 - Modular Design Summary
-----------------------------------
Modular Design not used for this design.

Section 11 - Timing Report
--------------------------
This design was not run using timing mode.

Section 12 - Configuration String Details
-----------------------------------------
Use the "-detail" map option to print out Configuration Strings

Section 13 - Control Set Information
------------------------------------
No control set information for this architecture.
