Release 9.2i - xst J.36
Copyright (c) 1995-2007 Xilinx, Inc.  All rights reserved.
--> Parameter TMPDIR set to ./xst/projnav.tmp
CPU : 0.00 / 0.44 s | Elapsed : 0.00 / 1.00 s
 
--> Parameter xsthdpdir set to ./xst
CPU : 0.00 / 0.44 s | Elapsed : 0.00 / 1.00 s
 
--> Reading design: sort_1.prj

TABLE OF CONTENTS
  1) Synthesis Options Summary
  2) HDL Compilation
  3) Design Hierarchy Analysis
  4) HDL Analysis
  5) HDL Synthesis
     5.1) HDL Synthesis Report
  6) Advanced HDL Synthesis
     6.1) Advanced HDL Synthesis Report
  7) Low Level Synthesis
  8) Partition Report
  9) Final Report
     9.1) Device utilization summary
     9.2) Partition Resource Summary
     9.3) TIMING REPORT


=========================================================================
*                      Synthesis Options Summary                        *
=========================================================================
---- Source Parameters
Input File Name                    : "sort_1.prj"
Input Format                       : mixed
Ignore Synthesis Constraint File   : NO

---- Target Parameters
Output File Name                   : "sort_1"
Output Format                      : NGC
Target Device                      : xc3s400-5-pq208

---- Source Options
Top Module Name                    : sort_1
Automatic FSM Extraction           : YES
FSM Encoding Algorithm             : Auto
Safe Implementation                : No
FSM Style                          : lut
RAM Extraction                     : Yes
RAM Style                          : Block
ROM Extraction                     : Yes
Mux Style                          : Auto
Decoder Extraction                 : YES
Priority Encoder Extraction        : YES
Shift Register Extraction          : YES
Logical Shifter Extraction         : YES
XOR Collapsing                     : YES
ROM Style                          : Auto
Mux Extraction                     : YES
Resource Sharing                   : YES
Asynchronous To Synchronous        : NO
Multiplier Style                   : auto
Automatic Register Balancing       : Yes

---- Target Options
Add IO Buffers                     : YES
Global Maximum Fanout              : 500
Add Generic Clock Buffer(BUFG)     : 8
Register Duplication               : NO
Move First FlipFlop Stage          : YES
Move Last FlipFlop Stage           : YES
Slice Packing                      : YES
Optimize Instantiated Primitives   : NO
Use Clock Enable                   : Yes
Use Synchronous Set                : Yes
Use Synchronous Reset              : Yes
Pack IO Registers into IOBs        : auto
Equivalent register Removal        : YES

---- General Options
Optimization Goal                  : Area
Optimization Effort                : 2
Library Search Order               : sort_1.lso
Keep Hierarchy                     : NO
RTL Output                         : Yes
Global Optimization                : AllClockNets
Read Cores                         : YES
Write Timing Constraints           : NO
Cross Clock Analysis               : NO
Hierarchy Separator                : /
Bus Delimiter                      : <>
Case Specifier                     : maintain
Slice Utilization Ratio            : 100
BRAM Utilization Ratio             : 100
Verilog 2001                       : YES
Auto BRAM Packing                  : NO
Slice Utilization Ratio Delta      : 5

=========================================================================


=========================================================================
*                          HDL Compilation                              *
=========================================================================
Compiling vhdl file "C:/Xilinx/median/bubblesort.vhd" in Library work.
Architecture behavioural of Entity sort_1 is up to date.

=========================================================================
*                     Design Hierarchy Analysis                         *
=========================================================================
Analyzing hierarchy for entity <sort_1> in library <work> (architecture <behavioural>).


=========================================================================
*                            HDL Analysis                               *
=========================================================================
Analyzing Entity <sort_1> in library <work> (Architecture <behavioural>).
Entity <sort_1> analyzed. Unit <sort_1> generated.


=========================================================================
*                           HDL Synthesis                               *
=========================================================================

Performing bidirectional port resolution...

Synthesizing Unit <sort_1>.
    Related source file is "C:/Xilinx/median/bubblesort.vhd".
WARNING:Xst:737 - Found 8-bit latch for signal <temp>.
    Found 8-bit comparator greater for signal <temp$cmp_gt0000> created at line 53.
    Found 8-bit comparator greater for signal <temp$cmp_gt0001> created at line 53.
    Found 8-bit comparator greater for signal <temp$cmp_gt0002> created at line 53.
    Found 8-bit comparator greater for signal <temp$cmp_gt0003> created at line 53.
    Found 8-bit comparator greater for signal <temp$cmp_gt0004> created at line 53.
    Found 8-bit comparator greater for signal <temp$cmp_gt0005> created at line 53.
    Found 8-bit comparator greater for signal <temp$cmp_gt0006> created at line 53.
    Found 8-bit comparator greater for signal <temp$cmp_gt0007> created at line 53.
    Found 8-bit comparator greater for signal <temp$cmp_gt0008> created at line 53.
    Found 8-bit comparator greater for signal <temp$cmp_gt0009> created at line 53.
    Found 8-bit comparator greater for signal <temp$cmp_gt0010> created at line 53.
    Found 8-bit comparator greater for signal <temp$cmp_gt0011> created at line 53.
    Found 8-bit comparator greater for signal <temp$cmp_gt0012> created at line 53.
    Found 8-bit comparator greater for signal <temp$cmp_gt0013> created at line 53.
    Found 8-bit comparator greater for signal <temp$cmp_gt0014> created at line 53.
    Found 8-bit comparator greater for signal <temp$cmp_gt0015> created at line 53.
    Found 8-bit comparator greater for signal <temp$cmp_gt0016> created at line 53.
    Found 8-bit comparator greater for signal <temp$cmp_gt0017> created at line 53.
    Found 8-bit comparator greater for signal <temp$cmp_gt0018> created at line 53.
    Found 8-bit comparator greater for signal <temp$cmp_gt0019> created at line 53.
    Found 8-bit comparator greater for signal <temp$cmp_gt0020> created at line 53.
    Found 8-bit comparator greater for signal <temp$cmp_gt0021> created at line 53.
    Found 8-bit comparator greater for signal <temp$cmp_gt0022> created at line 53.
    Found 8-bit comparator greater for signal <temp$cmp_gt0023> created at line 53.
    Found 8-bit comparator greater for signal <temp$cmp_gt0024> created at line 53.
    Found 8-bit comparator greater for signal <temp$cmp_gt0025> created at line 53.
    Found 8-bit comparator greater for signal <temp$cmp_gt0026> created at line 53.
    Found 8-bit comparator greater for signal <temp$cmp_gt0027> created at line 53.
    Found 8-bit comparator greater for signal <temp$cmp_gt0028> created at line 53.
    Found 8-bit comparator greater for signal <temp$cmp_gt0029> created at line 53.
    Found 8-bit comparator greater for signal <temp$cmp_gt0030> created at line 53.
    Found 8-bit comparator greater for signal <temp$cmp_gt0031> created at line 53.
    Found 8-bit comparator greater for signal <temp$cmp_gt0032> created at line 53.
    Found 8-bit comparator greater for signal <temp$cmp_gt0033> created at line 53.
    Found 8-bit comparator greater for signal <temp$cmp_gt0034> created at line 53.
    Found 8-bit comparator greater for signal <temp$cmp_gt0035> created at line 53.
    Found 8-bit comparator greater for signal <temp$cmp_gt0036> created at line 53.
    Found 8-bit comparator greater for signal <temp$cmp_gt0037> created at line 53.
    Found 8-bit comparator greater for signal <temp$cmp_gt0038> created at line 53.
    Found 8-bit comparator greater for signal <temp$cmp_gt0039> created at line 53.
    Found 8-bit comparator greater for signal <temp$cmp_gt0040> created at line 53.
    Found 8-bit comparator greater for signal <temp$cmp_gt0041> created at line 53.
    Found 8-bit comparator greater for signal <temp$cmp_gt0042> created at line 53.
    Found 8-bit comparator greater for signal <temp$cmp_gt0043> created at line 53.
    Found 8-bit comparator greater for signal <temp$cmp_gt0044> created at line 53.
    Found 8-bit comparator greater for signal <temp$cmp_gt0045> created at line 53.
    Found 8-bit comparator greater for signal <temp$cmp_gt0046> created at line 53.
    Found 8-bit comparator greater for signal <temp$cmp_gt0047> created at line 53.
    Found 8-bit comparator greater for signal <temp$cmp_gt0048> created at line 53.
    Found 8-bit comparator greater for signal <temp$cmp_gt0049> created at line 53.
    Found 8-bit comparator greater for signal <temp$cmp_gt0050> created at line 53.
    Found 8-bit comparator greater for signal <temp$cmp_gt0051> created at line 53.
    Found 8-bit comparator greater for signal <temp$cmp_gt0052> created at line 53.
    Found 8-bit comparator greater for signal <temp$cmp_gt0053> created at line 53.
    Found 8-bit comparator greater for signal <temp$cmp_gt0054> created at line 53.
    Found 8-bit comparator greater for signal <temp$cmp_gt0055> created at line 53.
    Found 8-bit comparator greater for signal <temp$cmp_gt0056> created at line 53.
    Found 8-bit comparator greater for signal <temp$cmp_gt0057> created at line 53.
    Found 8-bit comparator greater for signal <temp$cmp_gt0058> created at line 53.
    Found 8-bit comparator greater for signal <temp$cmp_gt0059> created at line 53.
    Found 8-bit comparator greater for signal <temp$cmp_gt0060> created at line 53.
    Found 8-bit comparator greater for signal <temp$cmp_gt0061> created at line 53.
    Found 8-bit comparator greater for signal <temp$cmp_gt0062> created at line 53.
    Found 8-bit comparator greater for signal <temp$cmp_gt0063> created at line 53.
    Found 8-bit comparator greater for signal <temp$cmp_gt0064> created at line 53.
    Found 8-bit comparator greater for signal <temp$cmp_gt0065> created at line 53.
    Found 8-bit comparator greater for signal <temp$cmp_gt0066> created at line 53.
    Found 8-bit comparator greater for signal <temp$cmp_gt0067> created at line 53.
    Found 8-bit comparator greater for signal <temp$cmp_gt0068> created at line 53.
    Found 8-bit comparator greater for signal <temp$cmp_gt0069> created at line 53.
    Found 8-bit comparator greater for signal <temp$cmp_gt0070> created at line 53.
    Found 8-bit comparator greater for signal <temp$cmp_gt0071> created at line 53.
    Summary:
	inferred  72 Comparator(s).
Unit <sort_1> synthesized.


=========================================================================
HDL Synthesis Report

Macro Statistics
# Latches                                              : 1
 8-bit latch                                           : 1
# Comparators                                          : 72
 8-bit comparator greater                              : 72

=========================================================================

=========================================================================
*                       Advanced HDL Synthesis                          *
=========================================================================

Loading device for application Rf_Device from file '3s400.nph' in environment C:\Xilinx92i.

=========================================================================
Advanced HDL Synthesis Report

Macro Statistics
# Latches                                              : 1
 8-bit latch                                           : 1
# Comparators                                          : 72
 8-bit comparator greater                              : 72

=========================================================================

=========================================================================
*                         Low Level Synthesis                           *
=========================================================================

Optimizing unit <sort_1> ...

Mapping all equations...
Building and optimizing final netlist ...
Found area constraint ratio of 100 (+ 5) on block sort_1, actual ratio is 47.

Final Macro Processing ...

=========================================================================
Final Register Report

Found no macro
=========================================================================

=========================================================================
*                          Partition Report                             *
=========================================================================

Partition Implementation Status
-------------------------------

  No Partitions were found in this design.

-------------------------------

=========================================================================
*                            Final Report                               *
=========================================================================
Final Results
RTL Top Level Output File Name     : sort_1.ngr
Top Level Output File Name         : sort_1
Output Format                      : NGC
Optimization Goal                  : Area
Keep Hierarchy                     : NO

Design Statistics
# IOs                              : 89

Cell Usage :
# BELS                             : 3397
#      GND                         : 1
#      INV                         : 1
#      LUT2                        : 44
#      LUT3                        : 1199
#      LUT4                        : 1454
#      MUXCY                       : 594
#      MUXF5                       : 103
#      VCC                         : 1
# FlipFlops/Latches                : 8
#      LDCP                        : 8
# IO Buffers                       : 89
#      IBUF                        : 73
#      OBUF                        : 16
=========================================================================

Device utilization summary:
---------------------------

Selected Device : 3s400pq208-5 

 Number of Slices:                    1491  out of   3584    41%  
 Number of Slice Flip Flops:             8  out of   7168     0%  
 Number of 4 input LUTs:              2698  out of   7168    37%  
 Number of IOs:                         89
 Number of bonded IOBs:                 89  out of    141    63%  

---------------------------
Partition Resource Summary:
---------------------------

  No Partitions were found in this design.

---------------------------


=========================================================================
TIMING REPORT

NOTE: THESE TIMING NUMBERS ARE ONLY A SYNTHESIS ESTIMATE.
      FOR ACCURATE TIMING INFORMATION PLEASE REFER TO THE TRACE REPORT
      GENERATED AFTER PLACE-and-ROUTE.

Clock Information:
------------------
--------------------------------------------------------------+------------------------+-------+
Clock Signal                                                  | Clock buffer(FF name)  | Load  |
--------------------------------------------------------------+------------------------+-------+
Mcompar_temp_cmp_gt0000_cy<7>(Mcompar_temp_cmp_gt0000_cy<7>:O)| NONE(*)(temp_7)        | 8     |
--------------------------------------------------------------+------------------------+-------+
(*) This 1 clock signal(s) are generated by combinatorial logic,
and XST is not able to identify which are the primary clock signals.
Please use the CLOCK_SIGNAL constraint to specify the clock signal(s) generated by combinatorial logic.
INFO:Xst:2169 - HDL ADVISOR - Some clock signals were not automatically buffered by XST with BUFG/BUFR resources. Please use the buffer_type constraint in order to insert these buffers to the clock signals to help prevent skew problems.

Asynchronous Control Signals Information:
----------------------------------------
-----------------------------------+------------------------+-------+
Control Signal                     | Buffer(FF name)        | Load  |
-----------------------------------+------------------------+-------+
temp_7__or0000(temp_7__or00001:O)  | NONE(temp_7)           | 1     |
temp_7__and0000(temp_7__and00001:O)| NONE(temp_7)           | 1     |
temp_5__or0000(temp_5__or00001:O)  | NONE(temp_5)           | 1     |
temp_5__and0000(temp_5__and00001:O)| NONE(temp_5)           | 1     |
temp_2__or0000(temp_2__or00001:O)  | NONE(temp_2)           | 1     |
temp_2__and0000(temp_2__and00001:O)| NONE(temp_2)           | 1     |
temp_1__or0000(temp_1__or00001:O)  | NONE(temp_1)           | 1     |
temp_1__and0000(temp_1__and00001:O)| NONE(temp_1)           | 1     |
temp_0__or0000(temp_0__or00001:O)  | NONE(temp_0)           | 1     |
temp_0__and0000(temp_0__and00001:O)| NONE(temp_0)           | 1     |
temp_4__or0000(temp_4__or00001:O)  | NONE(temp_4)           | 1     |
temp_4__and0000(temp_4__and00001:O)| NONE(temp_4)           | 1     |
temp_3__or0000(temp_3__or00001:O)  | NONE(temp_3)           | 1     |
temp_3__and0000(temp_3__and00001:O)| NONE(temp_3)           | 1     |
temp_6__or0000(temp_6__or00001:O)  | NONE(temp_6)           | 1     |
temp_6__and0000(temp_6__and00001:O)| NONE(temp_6)           | 1     |
-----------------------------------+------------------------+-------+

Timing Summary:
---------------
Speed Grade: -5

   Minimum period: No path found
   Minimum input arrival time before clock: 127.237ns
   Maximum output required time after clock: 51.187ns
   Maximum combinational path delay: 129.799ns

Timing Detail:
--------------
All values displayed in nanoseconds (ns)

=========================================================================
Timing constraint: Default OFFSET IN BEFORE for Clock 'Mcompar_temp_cmp_gt0000_cy<7>'
  Total number of paths / destination ports: 18531628628098992000000000000000000 / 8
-------------------------------------------------------------------------
Offset:              127.237ns (Levels of Logic = 242)
  Source:            Mat0<1> (PAD)
  Destination:       temp_0 (LATCH)
  Destination Clock: Mcompar_temp_cmp_gt0000_cy<7> rising

  Data Path: Mat0<1> to temp_0
                                Gate     Net
    Cell:in->out      fanout   Delay   Delay  Logical Name (Net Name)
    ----------------------------------------  ------------
     IBUF:I->O             7   0.715   1.201  Mat0_1_IBUF (Mat0_1_IBUF)
     LUT2:I0->O            1   0.479   0.000  Mcompar_temp_cmp_gt0000_lut<1> (N14)
     MUXCY:S->O            1   0.435   0.000  Mcompar_temp_cmp_gt0000_cy<1> (Mcompar_temp_cmp_gt0000_cy<1>)
     MUXCY:CI->O           1   0.055   0.000  Mcompar_temp_cmp_gt0000_cy<2> (Mcompar_temp_cmp_gt0000_cy<2>)
     MUXCY:CI->O           1   0.055   0.000  Mcompar_temp_cmp_gt0000_cy<3> (Mcompar_temp_cmp_gt0000_cy<3>)
     MUXCY:CI->O           1   0.055   0.000  Mcompar_temp_cmp_gt0000_cy<4> (Mcompar_temp_cmp_gt0000_cy<4>)
     MUXCY:CI->O           1   0.055   0.000  Mcompar_temp_cmp_gt0000_cy<5> (Mcompar_temp_cmp_gt0000_cy<5>)
     MUXCY:CI->O           1   0.055   0.000  Mcompar_temp_cmp_gt0000_cy<6> (Mcompar_temp_cmp_gt0000_cy<6>)
     MUXCY:CI->O          33   0.265   1.875  Mcompar_temp_cmp_gt0000_cy<7> (Mcompar_temp_cmp_gt0000_cy<7>)
     LUT3:I0->O            6   0.479   1.148  temp_mat_1_mux0000<0>1 (temp_mat_1_mux0000<0>)
     LUT2:I0->O            1   0.479   0.000  Mcompar_temp_cmp_gt0071_lut<0> (N643)
     MUXCY:S->O            1   0.435   0.000  Mcompar_temp_cmp_gt0071_cy<0> (Mcompar_temp_cmp_gt0071_cy<0>)
     MUXCY:CI->O           1   0.055   0.000  Mcompar_temp_cmp_gt0071_cy<1> (Mcompar_temp_cmp_gt0071_cy<1>)
     MUXCY:CI->O           1   0.055   0.000  Mcompar_temp_cmp_gt0071_cy<2> (Mcompar_temp_cmp_gt0071_cy<2>)
     MUXCY:CI->O           1   0.055   0.000  Mcompar_temp_cmp_gt0071_cy<3> (Mcompar_temp_cmp_gt0071_cy<3>)
     MUXCY:CI->O           1   0.055   0.000  Mcompar_temp_cmp_gt0071_cy<4> (Mcompar_temp_cmp_gt0071_cy<4>)
     MUXCY:CI->O           1   0.055   0.000  Mcompar_temp_cmp_gt0071_cy<5> (Mcompar_temp_cmp_gt0071_cy<5>)
     MUXCY:CI->O           1   0.055   0.000  Mcompar_temp_cmp_gt0071_cy<6> (Mcompar_temp_cmp_gt0071_cy<6>)
     MUXCY:CI->O          28   0.265   1.851  Mcompar_temp_cmp_gt0071_cy<7> (Mcompar_temp_cmp_gt0071_cy<7>)
     LUT3:I0->O            6   0.479   1.148  temp_mat_1_mux0001<1>1 (temp_mat_1_mux0001<1>)
     LUT4:I0->O            1   0.479   0.000  Mcompar_temp_cmp_gt0064_lut<1> (N590)
     MUXCY:S->O            1   0.435   0.000  Mcompar_temp_cmp_gt0064_cy<1> (Mcompar_temp_cmp_gt0064_cy<1>)
     MUXCY:CI->O           1   0.055   0.000  Mcompar_temp_cmp_gt0064_cy<2> (Mcompar_temp_cmp_gt0064_cy<2>)
     MUXCY:CI->O           1   0.055   0.000  Mcompar_temp_cmp_gt0064_cy<3> (Mcompar_temp_cmp_gt0064_cy<3>)
     MUXCY:CI->O           1   0.055   0.000  Mcompar_temp_cmp_gt0064_cy<4> (Mcompar_temp_cmp_gt0064_cy<4>)
     MUXCY:CI->O           1   0.055   0.000  Mcompar_temp_cmp_gt0064_cy<5> (Mcompar_temp_cmp_gt0064_cy<5>)
     MUXCY:CI->O           1   0.055   0.000  Mcompar_temp_cmp_gt0064_cy<6> (Mcompar_temp_cmp_gt0064_cy<6>)
     MUXCY:CI->O          58   0.265   1.997  Mcompar_temp_cmp_gt0064_cy<7> (Mcompar_temp_cmp_gt0064_cy<7>)
     LUT3:I0->O            5   0.479   1.078  temp_mat_1_mux0002<0>1 (temp_mat_1_mux0002<0>)
     LUT4:I0->O            1   0.479   0.000  Mcompar_temp_cmp_gt0063_lut<0> (N580)
     MUXCY:S->O            1   0.435   0.000  Mcompar_temp_cmp_gt0063_cy<0> (Mcompar_temp_cmp_gt0063_cy<0>)
     MUXCY:CI->O           1   0.055   0.000  Mcompar_temp_cmp_gt0063_cy<1> (Mcompar_temp_cmp_gt0063_cy<1>)
     MUXCY:CI->O           1   0.055   0.000  Mcompar_temp_cmp_gt0063_cy<2> (Mcompar_temp_cmp_gt0063_cy<2>)
     MUXCY:CI->O           1   0.055   0.000  Mcompar_temp_cmp_gt0063_cy<3> (Mcompar_temp_cmp_gt0063_cy<3>)
     MUXCY:CI->O           1   0.055   0.000  Mcompar_temp_cmp_gt0063_cy<4> (Mcompar_temp_cmp_gt0063_cy<4>)
     MUXCY:CI->O           1   0.055   0.000  Mcompar_temp_cmp_gt0063_cy<5> (Mcompar_temp_cmp_gt0063_cy<5>)
     MUXCY:CI->O           1   0.055   0.000  Mcompar_temp_cmp_gt0063_cy<6> (Mcompar_temp_cmp_gt0063_cy<6>)
     MUXCY:CI->O          38   0.265   1.899  Mcompar_temp_cmp_gt0063_cy<7> (Mcompar_temp_cmp_gt0063_cy<7>)
     LUT3:I0->O            5   0.479   1.078  temp_mat_1_mux0003<1>1 (temp_mat_1_mux0003<1>)
     LUT4:I0->O            1   0.479   0.000  Mcompar_temp_cmp_gt0056_lut<1> (N491)
     MUXCY:S->O            1   0.435   0.000  Mcompar_temp_cmp_gt0056_cy<1> (Mcompar_temp_cmp_gt0056_cy<1>)
     MUXCY:CI->O           1   0.055   0.000  Mcompar_temp_cmp_gt0056_cy<2> (Mcompar_temp_cmp_gt0056_cy<2>)
     MUXCY:CI->O           1   0.055   0.000  Mcompar_temp_cmp_gt0056_cy<3> (Mcompar_temp_cmp_gt0056_cy<3>)
     MUXCY:CI->O           1   0.055   0.000  Mcompar_temp_cmp_gt0056_cy<4> (Mcompar_temp_cmp_gt0056_cy<4>)
     MUXCY:CI->O           1   0.055   0.000  Mcompar_temp_cmp_gt0056_cy<5> (Mcompar_temp_cmp_gt0056_cy<5>)
     MUXCY:CI->O           1   0.055   0.000  Mcompar_temp_cmp_gt0056_cy<6> (Mcompar_temp_cmp_gt0056_cy<6>)
     MUXCY:CI->O          50   0.265   1.958  Mcompar_temp_cmp_gt0056_cy<7> (Mcompar_temp_cmp_gt0056_cy<7>)
     LUT3:I0->O            6   0.479   1.148  temp_mat_1_mux0004<0>1 (temp_mat_1_mux0004<0>)
     LUT4:I0->O            1   0.479   0.000  Mcompar_temp_cmp_gt0055_lut<0> (N508)
     MUXCY:S->O            1   0.435   0.000  Mcompar_temp_cmp_gt0055_cy<0> (Mcompar_temp_cmp_gt0055_cy<0>)
     MUXCY:CI->O           1   0.055   0.000  Mcompar_temp_cmp_gt0055_cy<1> (Mcompar_temp_cmp_gt0055_cy<1>)
     MUXCY:CI->O           1   0.055   0.000  Mcompar_temp_cmp_gt0055_cy<2> (Mcompar_temp_cmp_gt0055_cy<2>)
     MUXCY:CI->O           1   0.055   0.000  Mcompar_temp_cmp_gt0055_cy<3> (Mcompar_temp_cmp_gt0055_cy<3>)
     MUXCY:CI->O           1   0.055   0.000  Mcompar_temp_cmp_gt0055_cy<4> (Mcompar_temp_cmp_gt0055_cy<4>)
     MUXCY:CI->O           1   0.055   0.000  Mcompar_temp_cmp_gt0055_cy<5> (Mcompar_temp_cmp_gt0055_cy<5>)
     MUXCY:CI->O           1   0.055   0.000  Mcompar_temp_cmp_gt0055_cy<6> (Mcompar_temp_cmp_gt0055_cy<6>)
     MUXCY:CI->O          45   0.265   1.933  Mcompar_temp_cmp_gt0055_cy<7> (Mcompar_temp_cmp_gt0055_cy<7>)
     LUT3:I0->O            5   0.479   1.078  temp_mat_1_mux0005<1>1 (temp_mat_1_mux0005<1>)
     LUT4:I0->O            1   0.479   0.000  Mcompar_temp_cmp_gt0048_lut<1> (N437)
     MUXCY:S->O            1   0.435   0.000  Mcompar_temp_cmp_gt0048_cy<1> (Mcompar_temp_cmp_gt0048_cy<1>)
     MUXCY:CI->O           1   0.055   0.000  Mcompar_temp_cmp_gt0048_cy<2> (Mcompar_temp_cmp_gt0048_cy<2>)
     MUXCY:CI->O           1   0.055   0.000  Mcompar_temp_cmp_gt0048_cy<3> (Mcompar_temp_cmp_gt0048_cy<3>)
     MUXCY:CI->O           1   0.055   0.000  Mcompar_temp_cmp_gt0048_cy<4> (Mcompar_temp_cmp_gt0048_cy<4>)
     MUXCY:CI->O           1   0.055   0.000  Mcompar_temp_cmp_gt0048_cy<5> (Mcompar_temp_cmp_gt0048_cy<5>)
     MUXCY:CI->O           1   0.055   0.000  Mcompar_temp_cmp_gt0048_cy<6> (Mcompar_temp_cmp_gt0048_cy<6>)
     MUXCY:CI->O          48   0.265   1.948  Mcompar_temp_cmp_gt0048_cy<7> (Mcompar_temp_cmp_gt0048_cy<7>)
     LUT3:I0->O            6   0.479   1.148  temp_mat_1_mux0006<0>1 (temp_mat_1_mux0006<0>)
     LUT4:I0->O            1   0.479   0.000  Mcompar_temp_cmp_gt0047_lut<0> (N409)
     MUXCY:S->O            1   0.435   0.000  Mcompar_temp_cmp_gt0047_cy<0> (Mcompar_temp_cmp_gt0047_cy<0>)
     MUXCY:CI->O           1   0.055   0.000  Mcompar_temp_cmp_gt0047_cy<1> (Mcompar_temp_cmp_gt0047_cy<1>)
     MUXCY:CI->O           1   0.055   0.000  Mcompar_temp_cmp_gt0047_cy<2> (Mcompar_temp_cmp_gt0047_cy<2>)
     MUXCY:CI->O           1   0.055   0.000  Mcompar_temp_cmp_gt0047_cy<3> (Mcompar_temp_cmp_gt0047_cy<3>)
     MUXCY:CI->O           1   0.055   0.000  Mcompar_temp_cmp_gt0047_cy<4> (Mcompar_temp_cmp_gt0047_cy<4>)
     MUXCY:CI->O           1   0.055   0.000  Mcompar_temp_cmp_gt0047_cy<5> (Mcompar_temp_cmp_gt0047_cy<5>)
     MUXCY:CI->O           1   0.055   0.000  Mcompar_temp_cmp_gt0047_cy<6> (Mcompar_temp_cmp_gt0047_cy<6>)
     MUXCY:CI->O          44   0.265   1.929  Mcompar_temp_cmp_gt0047_cy<7> (Mcompar_temp_cmp_gt0047_cy<7>)
     LUT3:I0->O            6   0.479   1.148  temp_mat_1_mux0007<1>1 (temp_mat_1_mux0007<1>)
     LUT4:I0->O            1   0.479   0.000  Mcompar_temp_cmp_gt0040_lut<1> (N365)
     MUXCY:S->O            1   0.435   0.000  Mcompar_temp_cmp_gt0040_cy<1> (Mcompar_temp_cmp_gt0040_cy<1>)
     MUXCY:CI->O           1   0.055   0.000  Mcompar_temp_cmp_gt0040_cy<2> (Mcompar_temp_cmp_gt0040_cy<2>)
     MUXCY:CI->O           1   0.055   0.000  Mcompar_temp_cmp_gt0040_cy<3> (Mcompar_temp_cmp_gt0040_cy<3>)
     MUXCY:CI->O           1   0.055   0.000  Mcompar_temp_cmp_gt0040_cy<4> (Mcompar_temp_cmp_gt0040_cy<4>)
     MUXCY:CI->O           1   0.055   0.000  Mcompar_temp_cmp_gt0040_cy<5> (Mcompar_temp_cmp_gt0040_cy<5>)
     MUXCY:CI->O           1   0.055   0.000  Mcompar_temp_cmp_gt0040_cy<6> (Mcompar_temp_cmp_gt0040_cy<6>)
     MUXCY:CI->O          47   0.265   1.943  Mcompar_temp_cmp_gt0040_cy<7> (Mcompar_temp_cmp_gt0040_cy<7>)
     LUT3:I0->O            6   0.479   1.148  temp_mat_1_mux0008<0>1 (temp_mat_1_mux0008<0>)
     LUT4:I0->O            1   0.479   0.000  Mcompar_temp_cmp_gt0039_lut<0> (N355)
     MUXCY:S->O            1   0.435   0.000  Mcompar_temp_cmp_gt0039_cy<0> (Mcompar_temp_cmp_gt0039_cy<0>)
     MUXCY:CI->O           1   0.055   0.000  Mcompar_temp_cmp_gt0039_cy<1> (Mcompar_temp_cmp_gt0039_cy<1>)
     MUXCY:CI->O           1   0.055   0.000  Mcompar_temp_cmp_gt0039_cy<2> (Mcompar_temp_cmp_gt0039_cy<2>)
     MUXCY:CI->O           1   0.055   0.000  Mcompar_temp_cmp_gt0039_cy<3> (Mcompar_temp_cmp_gt0039_cy<3>)
     MUXCY:CI->O           1   0.055   0.000  Mcompar_temp_cmp_gt0039_cy<4> (Mcompar_temp_cmp_gt0039_cy<4>)
     MUXCY:CI->O           1   0.055   0.000  Mcompar_temp_cmp_gt0039_cy<5> (Mcompar_temp_cmp_gt0039_cy<5>)
     MUXCY:CI->O           1   0.055   0.000  Mcompar_temp_cmp_gt0039_cy<6> (Mcompar_temp_cmp_gt0039_cy<6>)
     MUXCY:CI->O          50   0.265   1.958  Mcompar_temp_cmp_gt0039_cy<7> (Mcompar_temp_cmp_gt0039_cy<7>)
     LUT3:I0->O            6   0.479   1.148  temp_mat_2_mux0008<0>1 (temp_mat_2_mux0008<0>)
     LUT4:I0->O            1   0.479   0.000  Mcompar_temp_cmp_gt0038_lut<0> (N328)
     MUXCY:S->O            1   0.435   0.000  Mcompar_temp_cmp_gt0038_cy<0> (Mcompar_temp_cmp_gt0038_cy<0>)
     MUXCY:CI->O           1   0.055   0.000  Mcompar_temp_cmp_gt0038_cy<1> (Mcompar_temp_cmp_gt0038_cy<1>)
     MUXCY:CI->O           1   0.055   0.000  Mcompar_temp_cmp_gt0038_cy<2> (Mcompar_temp_cmp_gt0038_cy<2>)
     MUXCY:CI->O           1   0.055   0.000  Mcompar_temp_cmp_gt0038_cy<3> (Mcompar_temp_cmp_gt0038_cy<3>)
     MUXCY:CI->O           1   0.055   0.000  Mcompar_temp_cmp_gt0038_cy<4> (Mcompar_temp_cmp_gt0038_cy<4>)
     MUXCY:CI->O           1   0.055   0.000  Mcompar_temp_cmp_gt0038_cy<5> (Mcompar_temp_cmp_gt0038_cy<5>)
     MUXCY:CI->O           1   0.055   0.000  Mcompar_temp_cmp_gt0038_cy<6> (Mcompar_temp_cmp_gt0038_cy<6>)
     MUXCY:CI->O          46   0.265   1.938  Mcompar_temp_cmp_gt0038_cy<7> (Mcompar_temp_cmp_gt0038_cy<7>)
     LUT3:I0->O            6   0.479   1.148  temp_mat_3_mux0008<0>1 (temp_mat_3_mux0008<0>)
     LUT4:I0->O            1   0.479   0.000  Mcompar_temp_cmp_gt0037_lut<0> (N346)
     MUXCY:S->O            1   0.435   0.000  Mcompar_temp_cmp_gt0037_cy<0> (Mcompar_temp_cmp_gt0037_cy<0>)
     MUXCY:CI->O           1   0.055   0.000  Mcompar_temp_cmp_gt0037_cy<1> (Mcompar_temp_cmp_gt0037_cy<1>)
     MUXCY:CI->O           1   0.055   0.000  Mcompar_temp_cmp_gt0037_cy<2> (Mcompar_temp_cmp_gt0037_cy<2>)
     MUXCY:CI->O           1   0.055   0.000  Mcompar_temp_cmp_gt0037_cy<3> (Mcompar_temp_cmp_gt0037_cy<3>)
     MUXCY:CI->O           1   0.055   0.000  Mcompar_temp_cmp_gt0037_cy<4> (Mcompar_temp_cmp_gt0037_cy<4>)
     MUXCY:CI->O           1   0.055   0.000  Mcompar_temp_cmp_gt0037_cy<5> (Mcompar_temp_cmp_gt0037_cy<5>)
     MUXCY:CI->O           1   0.055   0.000  Mcompar_temp_cmp_gt0037_cy<6> (Mcompar_temp_cmp_gt0037_cy<6>)
     MUXCY:CI->O          45   0.265   1.933  Mcompar_temp_cmp_gt0037_cy<7> (Mcompar_temp_cmp_gt0037_cy<7>)
     LUT3:I0->O            5   0.479   1.078  temp_mat_3_mux0009<1>1 (temp_mat_3_mux0009<1>)
     LUT4:I0->O            1   0.479   0.000  Mcompar_temp_cmp_gt0030_lut<1> (N275)
     MUXCY:S->O            1   0.435   0.000  Mcompar_temp_cmp_gt0030_cy<1> (Mcompar_temp_cmp_gt0030_cy<1>)
     MUXCY:CI->O           1   0.055   0.000  Mcompar_temp_cmp_gt0030_cy<2> (Mcompar_temp_cmp_gt0030_cy<2>)
     MUXCY:CI->O           1   0.055   0.000  Mcompar_temp_cmp_gt0030_cy<3> (Mcompar_temp_cmp_gt0030_cy<3>)
     MUXCY:CI->O           1   0.056   0.000  Mcompar_temp_cmp_gt0030_cy<4> (Mcompar_temp_cmp_gt0030_cy<4>)
     MUXCY:CI->O           1   0.056   0.000  Mcompar_temp_cmp_gt0030_cy<5> (Mcompar_temp_cmp_gt0030_cy<5>)
     MUXCY:CI->O           1   0.056   0.000  Mcompar_temp_cmp_gt0030_cy<6> (Mcompar_temp_cmp_gt0030_cy<6>)
     MUXCY:CI->O          50   0.264   1.958  Mcompar_temp_cmp_gt0030_cy<7> (Mcompar_temp_cmp_gt0030_cy<7>)
     LUT3:I0->O            4   0.479   1.074  temp_mat_2_mux0011<1>1 (temp_mat_2_mux0011<1>)
     LUT4:I0->O            1   0.479   0.000  Mcompar_temp_cmp_gt0023_lut<1> (N212)
     MUXCY:S->O            1   0.435   0.000  Mcompar_temp_cmp_gt0023_cy<1> (Mcompar_temp_cmp_gt0023_cy<1>)
     MUXCY:CI->O           1   0.056   0.000  Mcompar_temp_cmp_gt0023_cy<2> (Mcompar_temp_cmp_gt0023_cy<2>)
     MUXCY:CI->O           1   0.056   0.000  Mcompar_temp_cmp_gt0023_cy<3> (Mcompar_temp_cmp_gt0023_cy<3>)
     MUXCY:CI->O           1   0.056   0.000  Mcompar_temp_cmp_gt0023_cy<4> (Mcompar_temp_cmp_gt0023_cy<4>)
     MUXCY:CI->O           1   0.056   0.000  Mcompar_temp_cmp_gt0023_cy<5> (Mcompar_temp_cmp_gt0023_cy<5>)
     MUXCY:CI->O           1   0.056   0.000  Mcompar_temp_cmp_gt0023_cy<6> (Mcompar_temp_cmp_gt0023_cy<6>)
     MUXCY:CI->O          45   0.264   1.933  Mcompar_temp_cmp_gt0023_cy<7> (Mcompar_temp_cmp_gt0023_cy<7>)
     LUT3:I0->O            5   0.479   1.078  temp_mat_1_mux0013<1>1 (temp_mat_1_mux0013<1>)
     LUT4:I0->O            1   0.479   0.000  Mcompar_temp_cmp_gt0016_lut<1> (N149)
     MUXCY:S->O            1   0.435   0.000  Mcompar_temp_cmp_gt0016_cy<1> (Mcompar_temp_cmp_gt0016_cy<1>)
     MUXCY:CI->O           1   0.056   0.000  Mcompar_temp_cmp_gt0016_cy<2> (Mcompar_temp_cmp_gt0016_cy<2>)
     MUXCY:CI->O           1   0.056   0.000  Mcompar_temp_cmp_gt0016_cy<3> (Mcompar_temp_cmp_gt0016_cy<3>)
     MUXCY:CI->O           1   0.056   0.000  Mcompar_temp_cmp_gt0016_cy<4> (Mcompar_temp_cmp_gt0016_cy<4>)
     MUXCY:CI->O           1   0.056   0.000  Mcompar_temp_cmp_gt0016_cy<5> (Mcompar_temp_cmp_gt0016_cy<5>)
     MUXCY:CI->O           1   0.056   0.000  Mcompar_temp_cmp_gt0016_cy<6> (Mcompar_temp_cmp_gt0016_cy<6>)
     MUXCY:CI->O          44   0.264   1.929  Mcompar_temp_cmp_gt0016_cy<7> (Mcompar_temp_cmp_gt0016_cy<7>)
     LUT3:I0->O            7   0.479   1.201  temp_mat_1_mux0014<0>1 (temp_mat_1_mux0014<0>)
     LUT4:I0->O            1   0.479   0.000  Mcompar_temp_cmp_gt0015_lut<0> (N139)
     MUXCY:S->O            1   0.435   0.000  Mcompar_temp_cmp_gt0015_cy<0> (Mcompar_temp_cmp_gt0015_cy<0>)
     MUXCY:CI->O           1   0.056   0.000  Mcompar_temp_cmp_gt0015_cy<1> (Mcompar_temp_cmp_gt0015_cy<1>)
     MUXCY:CI->O           1   0.056   0.000  Mcompar_temp_cmp_gt0015_cy<2> (Mcompar_temp_cmp_gt0015_cy<2>)
     MUXCY:CI->O           1   0.056   0.000  Mcompar_temp_cmp_gt0015_cy<3> (Mcompar_temp_cmp_gt0015_cy<3>)
     MUXCY:CI->O           1   0.056   0.000  Mcompar_temp_cmp_gt0015_cy<4> (Mcompar_temp_cmp_gt0015_cy<4>)
     MUXCY:CI->O           1   0.056   0.000  Mcompar_temp_cmp_gt0015_cy<5> (Mcompar_temp_cmp_gt0015_cy<5>)
     MUXCY:CI->O           1   0.056   0.000  Mcompar_temp_cmp_gt0015_cy<6> (Mcompar_temp_cmp_gt0015_cy<6>)
     MUXCY:CI->O          48   0.264   1.948  Mcompar_temp_cmp_gt0015_cy<7> (Mcompar_temp_cmp_gt0015_cy<7>)
     LUT3:I0->O            3   0.479   1.066  temp_mat_1_mux0015<1>1 (temp_mat_1_mux0015<1>)
     LUT4:I0->O            1   0.479   0.000  Mcompar_temp_cmp_gt0008_lut<1> (N77)
     MUXCY:S->O            1   0.435   0.000  Mcompar_temp_cmp_gt0008_cy<1> (Mcompar_temp_cmp_gt0008_cy<1>)
     MUXCY:CI->O           1   0.056   0.000  Mcompar_temp_cmp_gt0008_cy<2> (Mcompar_temp_cmp_gt0008_cy<2>)
     MUXCY:CI->O           1   0.056   0.000  Mcompar_temp_cmp_gt0008_cy<3> (Mcompar_temp_cmp_gt0008_cy<3>)
     MUXCY:CI->O           1   0.056   0.000  Mcompar_temp_cmp_gt0008_cy<4> (Mcompar_temp_cmp_gt0008_cy<4>)
     MUXCY:CI->O           1   0.056   0.000  Mcompar_temp_cmp_gt0008_cy<5> (Mcompar_temp_cmp_gt0008_cy<5>)
     MUXCY:CI->O           1   0.056   0.000  Mcompar_temp_cmp_gt0008_cy<6> (Mcompar_temp_cmp_gt0008_cy<6>)
     MUXCY:CI->O          26   0.264   1.841  Mcompar_temp_cmp_gt0008_cy<7> (Mcompar_temp_cmp_gt0008_cy<7>)
     LUT4:I0->O            1   0.479   0.000  temp_mat_1_mux0016<0>11 (N9241)
     MUXF5:I1->O           3   0.314   1.066  temp_mat_1_mux0016<0>1_f5 (temp_mat_1_mux0016<0>)
     LUT4:I0->O            1   0.479   0.000  Mcompar_temp_cmp_gt0007_lut<0> (N67)
     MUXCY:S->O            1   0.435   0.000  Mcompar_temp_cmp_gt0007_cy<0> (Mcompar_temp_cmp_gt0007_cy<0>)
     MUXCY:CI->O           1   0.056   0.000  Mcompar_temp_cmp_gt0007_cy<1> (Mcompar_temp_cmp_gt0007_cy<1>)
     MUXCY:CI->O           1   0.056   0.000  Mcompar_temp_cmp_gt0007_cy<2> (Mcompar_temp_cmp_gt0007_cy<2>)
     MUXCY:CI->O           1   0.056   0.000  Mcompar_temp_cmp_gt0007_cy<3> (Mcompar_temp_cmp_gt0007_cy<3>)
     MUXCY:CI->O           1   0.056   0.000  Mcompar_temp_cmp_gt0007_cy<4> (Mcompar_temp_cmp_gt0007_cy<4>)
     MUXCY:CI->O           1   0.056   0.000  Mcompar_temp_cmp_gt0007_cy<5> (Mcompar_temp_cmp_gt0007_cy<5>)
     MUXCY:CI->O           1   0.056   0.000  Mcompar_temp_cmp_gt0007_cy<6> (Mcompar_temp_cmp_gt0007_cy<6>)
     MUXCY:CI->O          33   0.264   1.875  Mcompar_temp_cmp_gt0007_cy<7> (Mcompar_temp_cmp_gt0007_cy<7>)
     LUT3:I0->O            3   0.479   1.066  temp_mat_2_mux0016<0>1 (temp_mat_2_mux0016<0>)
     LUT4:I0->O            1   0.479   0.000  Mcompar_temp_cmp_gt0006_lut<0> (N58)
     MUXCY:S->O            1   0.435   0.000  Mcompar_temp_cmp_gt0006_cy<0> (Mcompar_temp_cmp_gt0006_cy<0>)
     MUXCY:CI->O           1   0.056   0.000  Mcompar_temp_cmp_gt0006_cy<1> (Mcompar_temp_cmp_gt0006_cy<1>)
     MUXCY:CI->O           1   0.056   0.000  Mcompar_temp_cmp_gt0006_cy<2> (Mcompar_temp_cmp_gt0006_cy<2>)
     MUXCY:CI->O           1   0.056   0.000  Mcompar_temp_cmp_gt0006_cy<3> (Mcompar_temp_cmp_gt0006_cy<3>)
     MUXCY:CI->O           1   0.056   0.000  Mcompar_temp_cmp_gt0006_cy<4> (Mcompar_temp_cmp_gt0006_cy<4>)
     MUXCY:CI->O           1   0.056   0.000  Mcompar_temp_cmp_gt0006_cy<5> (Mcompar_temp_cmp_gt0006_cy<5>)
     MUXCY:CI->O           1   0.056   0.000  Mcompar_temp_cmp_gt0006_cy<6> (Mcompar_temp_cmp_gt0006_cy<6>)
     MUXCY:CI->O          34   0.264   1.880  Mcompar_temp_cmp_gt0006_cy<7> (Mcompar_temp_cmp_gt0006_cy<7>)
     LUT4:I0->O            1   0.479   0.000  temp_mat_3_mux0016<0>11 (N9239)
     MUXF5:I1->O           4   0.314   1.074  temp_mat_3_mux0016<0>1_f5 (temp_mat_3_mux0016<0>)
     LUT4:I0->O            1   0.479   0.000  Mcompar_temp_cmp_gt0005_lut<0> (N49)
     MUXCY:S->O            1   0.435   0.000  Mcompar_temp_cmp_gt0005_cy<0> (Mcompar_temp_cmp_gt0005_cy<0>)
     MUXCY:CI->O           1   0.056   0.000  Mcompar_temp_cmp_gt0005_cy<1> (Mcompar_temp_cmp_gt0005_cy<1>)
     MUXCY:CI->O           1   0.056   0.000  Mcompar_temp_cmp_gt0005_cy<2> (Mcompar_temp_cmp_gt0005_cy<2>)
     MUXCY:CI->O           1   0.056   0.000  Mcompar_temp_cmp_gt0005_cy<3> (Mcompar_temp_cmp_gt0005_cy<3>)
     MUXCY:CI->O           1   0.056   0.000  Mcompar_temp_cmp_gt0005_cy<4> (Mcompar_temp_cmp_gt0005_cy<4>)
     MUXCY:CI->O           1   0.056   0.000  Mcompar_temp_cmp_gt0005_cy<5> (Mcompar_temp_cmp_gt0005_cy<5>)
     MUXCY:CI->O           1   0.056   0.000  Mcompar_temp_cmp_gt0005_cy<6> (Mcompar_temp_cmp_gt0005_cy<6>)
     MUXCY:CI->O          26   0.264   1.841  Mcompar_temp_cmp_gt0005_cy<7> (Mcompar_temp_cmp_gt0005_cy<7>)
     LUT4:I0->O            1   0.479   0.000  temp_mat_4_mux0016<0>11 (N9237)
     MUXF5:I1->O           4   0.314   1.074  temp_mat_4_mux0016<0>1_f5 (temp_mat_4_mux0016<0>)
     LUT4:I0->O            1   0.479   0.000  Mcompar_temp_cmp_gt0004_lut<0> (N40)
     MUXCY:S->O            1   0.435   0.000  Mcompar_temp_cmp_gt0004_cy<0> (Mcompar_temp_cmp_gt0004_cy<0>)
     MUXCY:CI->O           1   0.056   0.000  Mcompar_temp_cmp_gt0004_cy<1> (Mcompar_temp_cmp_gt0004_cy<1>)
     MUXCY:CI->O           1   0.056   0.000  Mcompar_temp_cmp_gt0004_cy<2> (Mcompar_temp_cmp_gt0004_cy<2>)
     MUXCY:CI->O           1   0.056   0.000  Mcompar_temp_cmp_gt0004_cy<3> (Mcompar_temp_cmp_gt0004_cy<3>)
     MUXCY:CI->O           1   0.056   0.000  Mcompar_temp_cmp_gt0004_cy<4> (Mcompar_temp_cmp_gt0004_cy<4>)
     MUXCY:CI->O           1   0.056   0.000  Mcompar_temp_cmp_gt0004_cy<5> (Mcompar_temp_cmp_gt0004_cy<5>)
     MUXCY:CI->O           1   0.056   0.000  Mcompar_temp_cmp_gt0004_cy<6> (Mcompar_temp_cmp_gt0004_cy<6>)
     MUXCY:CI->O          33   0.264   1.875  Mcompar_temp_cmp_gt0004_cy<7> (Mcompar_temp_cmp_gt0004_cy<7>)
     LUT3:I0->O            3   0.479   1.066  temp_mat_5_mux0016<0>1 (temp_mat_5_mux0016<0>)
     LUT4:I0->O            1   0.479   0.000  Mcompar_temp_cmp_gt0003_lut<0> (N31)
     MUXCY:S->O            1   0.435   0.000  Mcompar_temp_cmp_gt0003_cy<0> (Mcompar_temp_cmp_gt0003_cy<0>)
     MUXCY:CI->O           1   0.056   0.000  Mcompar_temp_cmp_gt0003_cy<1> (Mcompar_temp_cmp_gt0003_cy<1>)
     MUXCY:CI->O           1   0.056   0.000  Mcompar_temp_cmp_gt0003_cy<2> (Mcompar_temp_cmp_gt0003_cy<2>)
     MUXCY:CI->O           1   0.056   0.000  Mcompar_temp_cmp_gt0003_cy<3> (Mcompar_temp_cmp_gt0003_cy<3>)
     MUXCY:CI->O           1   0.056   0.000  Mcompar_temp_cmp_gt0003_cy<4> (Mcompar_temp_cmp_gt0003_cy<4>)
     MUXCY:CI->O           1   0.056   0.000  Mcompar_temp_cmp_gt0003_cy<5> (Mcompar_temp_cmp_gt0003_cy<5>)
     MUXCY:CI->O           1   0.056   0.000  Mcompar_temp_cmp_gt0003_cy<6> (Mcompar_temp_cmp_gt0003_cy<6>)
     MUXCY:CI->O          26   0.264   1.841  Mcompar_temp_cmp_gt0003_cy<7> (Mcompar_temp_cmp_gt0003_cy<7>)
     LUT4:I0->O            1   0.479   0.000  temp_mat_6_mux0016<0>11 (N9235)
     MUXF5:I1->O           6   0.314   1.148  temp_mat_6_mux0016<0>1_f5 (temp_mat_6_mux0016<0>)
     LUT4:I0->O            1   0.479   0.000  Mcompar_temp_cmp_gt0002_lut<0> (N4)
     MUXCY:S->O            1   0.435   0.000  Mcompar_temp_cmp_gt0002_cy<0> (Mcompar_temp_cmp_gt0002_cy<0>)
     MUXCY:CI->O           1   0.056   0.000  Mcompar_temp_cmp_gt0002_cy<1> (Mcompar_temp_cmp_gt0002_cy<1>)
     MUXCY:CI->O           1   0.056   0.000  Mcompar_temp_cmp_gt0002_cy<2> (Mcompar_temp_cmp_gt0002_cy<2>)
     MUXCY:CI->O           1   0.056   0.000  Mcompar_temp_cmp_gt0002_cy<3> (Mcompar_temp_cmp_gt0002_cy<3>)
     MUXCY:CI->O           1   0.056   0.000  Mcompar_temp_cmp_gt0002_cy<4> (Mcompar_temp_cmp_gt0002_cy<4>)
     MUXCY:CI->O           1   0.056   0.000  Mcompar_temp_cmp_gt0002_cy<5> (Mcompar_temp_cmp_gt0002_cy<5>)
     MUXCY:CI->O           1   0.056   0.000  Mcompar_temp_cmp_gt0002_cy<6> (Mcompar_temp_cmp_gt0002_cy<6>)
     MUXCY:CI->O          21   0.264   1.583  Mcompar_temp_cmp_gt0002_cy<7> (Mcompar_temp_cmp_gt0002_cy<7>)
     LUT4:I0->O            1   0.479   0.000  temp_mat_7_mux0016<0>11 (N9233)
     MUXF5:I1->O           3   0.314   1.066  temp_mat_7_mux0016<0>1_f5 (temp_mat_7_mux0016<0>)
     LUT4:I0->O            1   0.479   0.000  Mcompar_temp_cmp_gt0001_lut<0> (N22)
     MUXCY:S->O            1   0.435   0.000  Mcompar_temp_cmp_gt0001_cy<0> (Mcompar_temp_cmp_gt0001_cy<0>)
     MUXCY:CI->O           1   0.056   0.000  Mcompar_temp_cmp_gt0001_cy<1> (Mcompar_temp_cmp_gt0001_cy<1>)
     MUXCY:CI->O           1   0.056   0.000  Mcompar_temp_cmp_gt0001_cy<2> (Mcompar_temp_cmp_gt0001_cy<2>)
     MUXCY:CI->O           1   0.056   0.000  Mcompar_temp_cmp_gt0001_cy<3> (Mcompar_temp_cmp_gt0001_cy<3>)
     MUXCY:CI->O           1   0.056   0.000  Mcompar_temp_cmp_gt0001_cy<4> (Mcompar_temp_cmp_gt0001_cy<4>)
     MUXCY:CI->O           1   0.056   0.000  Mcompar_temp_cmp_gt0001_cy<5> (Mcompar_temp_cmp_gt0001_cy<5>)
     MUXCY:CI->O           1   0.056   0.000  Mcompar_temp_cmp_gt0001_cy<6> (Mcompar_temp_cmp_gt0001_cy<6>)
     MUXCY:CI->O          13   0.265   1.017  Mcompar_temp_cmp_gt0001_cy<7> (Mcompar_temp_cmp_gt0001_cy<7>)
     LUT4:I3->O            1   0.479   0.000  temp_or0070_wg_lut<16> (N5711)
     MUXCY:S->O            1   0.435   0.000  temp_or0070_wg_cy<16> (temp_or0070_wg_cy<16>)
     MUXCY:CI->O          33   0.265   1.750  temp_or0070_wg_cy<17> (temp_or0070)
     LUT3:I1->O           16   0.479   1.221  temp_mux0072<0>61 (N3911)
     LUT4:I1->O            2   0.479   1.040  temp_mux0072<7>7 (temp_mux0072<7>_map3)
     LUT2:I0->O            1   0.479   0.000  temp_mux0072<7>832 (N2370)
     LDCP:D                    0.176          temp_7
    ----------------------------------------
    Total                    127.237ns (51.870ns logic, 75.367ns route)
                                       (40.8% logic, 59.2% route)

=========================================================================
Timing constraint: Default OFFSET OUT AFTER for Clock 'Mcompar_temp_cmp_gt0000_cy<7>'
  Total number of paths / destination ports: 16 / 8
-------------------------------------------------------------------------
Offset:              51.187ns (Levels of Logic = 46)
  Source:            temp_7 (LATCH)
  Destination:       temp1<7> (PAD)
  Source Clock:      Mcompar_temp_cmp_gt0000_cy<7> rising

  Data Path: temp_7 to temp1<7>
                                Gate     Net
    Cell:in->out      fanout   Delay   Delay  Logical Name (Net Name)
    ----------------------------------------  ------------
     LDCP:G->Q             1   0.551   0.851  temp_7 (temp_7)
     LUT4:I1->O            1   0.479   0.851  temp_mux0071<7>61 (temp_mux0071<7>_map47)
     LUT4:I1->O            1   0.479   0.704  temp_mux0071<7>94_SW0 (N8603)
     LUT4:I3->O            1   0.479   0.000  temp_mux0071<7>133_SW0_G (N9062)
     MUXF5:I1->O           2   0.314   0.804  temp_mux0071<7>133_SW0 (N8015)
     LUT4:I2->O            1   0.479   0.000  temp_mux0071<7>1331 (N9251)
     MUXF5:I1->O           1   0.314   0.740  temp_mux0071<7>133_f5 (temp_mux0071<7>_map62)
     LUT4:I2->O            1   0.479   0.000  temp_mux0071<7>232_SW1_SW1_G (N9114)
     MUXF5:I1->O           1   0.314   0.740  temp_mux0071<7>232_SW1_SW1 (N8933)
     LUT4:I2->O            1   0.479   0.704  temp_mux0071<7>232_SW1 (N8127)
     LUT4:I3->O            1   0.479   0.851  temp_mux0071<7>232 (temp_mux0071<7>_map75)
     LUT4:I1->O            1   0.479   0.000  temp_mux0071<7>285_SW2_G (N9194)
     MUXF5:I1->O           1   0.314   0.740  temp_mux0071<7>285_SW2 (N8747)
     LUT4:I2->O            1   0.479   0.000  temp_mux0071<7>342_SW1_SW1_G (N9116)
     MUXF5:I1->O           1   0.314   0.740  temp_mux0071<7>342_SW1_SW1 (N8935)
     LUT4:I2->O            1   0.479   0.704  temp_mux0071<7>342_SW1 (N8129)
     LUT4:I3->O            1   0.479   0.851  temp_mux0071<7>342 (temp_mux0071<7>_map89)
     LUT4:I1->O            1   0.479   0.000  temp_mux0071<7>395_SW2_G (N9196)
     MUXF5:I1->O           1   0.314   0.976  temp_mux0071<7>395_SW2 (N8749)
     LUT4:I0->O            1   0.479   0.000  temp_mux0071<7>452_SW1_SW0_G (N9094)
     MUXF5:I1->O           1   0.314   0.704  temp_mux0071<7>452_SW1_SW0 (N8511)
     LUT4:I3->O            1   0.479   0.704  temp_mux0071<7>452_SW1 (N8131)
     LUT4:I3->O            1   0.479   0.740  temp_mux0071<7>452 (temp_mux0071<7>_map103)
     LUT4:I2->O            1   0.479   0.000  temp_mux0071<7>505_SW2_G (N9078)
     MUXF5:I1->O           1   0.314   0.704  temp_mux0071<7>505_SW2 (N8751)
     LUT4:I3->O            1   0.479   0.000  temp_mux0071<7>562_SW1_SW1_G (N9118)
     MUXF5:I1->O           1   0.314   0.740  temp_mux0071<7>562_SW1_SW1 (N8937)
     LUT4:I2->O            1   0.479   0.704  temp_mux0071<7>562_SW1 (N8133)
     LUT4:I3->O            1   0.479   0.740  temp_mux0071<7>562 (temp_mux0071<7>_map117)
     LUT4:I2->O            1   0.479   0.740  temp_mux0071<7>615_SW0_SW0 (N8715)
     LUT4:I2->O            1   0.479   0.976  temp_mux0071<7>615_SW0 (N7969)
     LUT4:I0->O            1   0.479   0.000  temp_mux0071<7>672_SW1_SW1_G (N9120)
     MUXF5:I1->O           1   0.314   0.740  temp_mux0071<7>672_SW1_SW1 (N8939)
     LUT4:I2->O            1   0.479   0.704  temp_mux0071<7>672_SW1 (N8135)
     LUT4:I3->O            1   0.479   0.740  temp_mux0071<7>672 (temp_mux0071<7>_map131)
     LUT4:I2->O            1   0.479   0.704  temp_mux0071<7>725_SW0_SW0 (N8717)
     LUT4:I3->O            1   0.479   0.976  temp_mux0071<7>725_SW0 (N7971)
     LUT4:I0->O            1   0.479   0.000  temp_mux0071<7>782_SW1_SW1_G (N9122)
     MUXF5:I1->O           1   0.314   0.740  temp_mux0071<7>782_SW1_SW1 (N8941)
     LUT4:I2->O            1   0.479   0.704  temp_mux0071<7>782_SW1 (N8137)
     LUT4:I3->O            1   0.479   0.740  temp_mux0071<7>782 (temp_mux0071<7>_map145)
     LUT3:I2->O            1   0.479   0.000  temp_mux0071<7>815_G (N9046)
     MUXF5:I1->O           1   0.314   0.704  temp_mux0071<7>815 (temp_mux0071<7>_map148)
     LUT4:I3->O            1   0.479   0.740  temp_mux0071<7>848 (temp_mux0071<7>_map151)
     LUT4:I2->O            1   0.479   0.976  temp_mux0071<7>870 (temp_mux0071<7>_map153)
     LUT3:I0->O            1   0.479   0.681  temp_mux0071<7>880 (temp1_7_OBUF)
     OBUF:I->O                 4.909          temp1_7_OBUF (temp1<7>)
    ----------------------------------------
    Total                     51.187ns (25.035ns logic, 26.152ns route)
                                       (48.9% logic, 51.1% route)

=========================================================================
Timing constraint: Default path analysis
  Total number of paths / destination ports: 11012259168977250000000000000000000 / 16
-------------------------------------------------------------------------
Delay:               129.799ns (Levels of Logic = 240)
  Source:            Mat0<1> (PAD)
  Destination:       temp1<7> (PAD)

  Data Path: Mat0<1> to temp1<7>
                                Gate     Net
    Cell:in->out      fanout   Delay   Delay  Logical Name (Net Name)
    ----------------------------------------  ------------
     IBUF:I->O             7   0.715   1.201  Mat0_1_IBUF (Mat0_1_IBUF)
     LUT2:I0->O            1   0.479   0.000  Mcompar_temp_cmp_gt0000_lut<1> (N14)
     MUXCY:S->O            1   0.435   0.000  Mcompar_temp_cmp_gt0000_cy<1> (Mcompar_temp_cmp_gt0000_cy<1>)
     MUXCY:CI->O           1   0.055   0.000  Mcompar_temp_cmp_gt0000_cy<2> (Mcompar_temp_cmp_gt0000_cy<2>)
     MUXCY:CI->O           1   0.055   0.000  Mcompar_temp_cmp_gt0000_cy<3> (Mcompar_temp_cmp_gt0000_cy<3>)
     MUXCY:CI->O           1   0.055   0.000  Mcompar_temp_cmp_gt0000_cy<4> (Mcompar_temp_cmp_gt0000_cy<4>)
     MUXCY:CI->O           1   0.055   0.000  Mcompar_temp_cmp_gt0000_cy<5> (Mcompar_temp_cmp_gt0000_cy<5>)
     MUXCY:CI->O           1   0.055   0.000  Mcompar_temp_cmp_gt0000_cy<6> (Mcompar_temp_cmp_gt0000_cy<6>)
     MUXCY:CI->O          33   0.265   1.875  Mcompar_temp_cmp_gt0000_cy<7> (Mcompar_temp_cmp_gt0000_cy<7>)
     LUT3:I0->O            6   0.479   1.148  temp_mat_1_mux0000<0>1 (temp_mat_1_mux0000<0>)
     LUT2:I0->O            1   0.479   0.000  Mcompar_temp_cmp_gt0071_lut<0> (N643)
     MUXCY:S->O            1   0.435   0.000  Mcompar_temp_cmp_gt0071_cy<0> (Mcompar_temp_cmp_gt0071_cy<0>)
     MUXCY:CI->O           1   0.055   0.000  Mcompar_temp_cmp_gt0071_cy<1> (Mcompar_temp_cmp_gt0071_cy<1>)
     MUXCY:CI->O           1   0.055   0.000  Mcompar_temp_cmp_gt0071_cy<2> (Mcompar_temp_cmp_gt0071_cy<2>)
     MUXCY:CI->O           1   0.055   0.000  Mcompar_temp_cmp_gt0071_cy<3> (Mcompar_temp_cmp_gt0071_cy<3>)
     MUXCY:CI->O           1   0.055   0.000  Mcompar_temp_cmp_gt0071_cy<4> (Mcompar_temp_cmp_gt0071_cy<4>)
     MUXCY:CI->O           1   0.055   0.000  Mcompar_temp_cmp_gt0071_cy<5> (Mcompar_temp_cmp_gt0071_cy<5>)
     MUXCY:CI->O           1   0.055   0.000  Mcompar_temp_cmp_gt0071_cy<6> (Mcompar_temp_cmp_gt0071_cy<6>)
     MUXCY:CI->O          28   0.265   1.851  Mcompar_temp_cmp_gt0071_cy<7> (Mcompar_temp_cmp_gt0071_cy<7>)
     LUT3:I0->O            6   0.479   1.148  temp_mat_1_mux0001<1>1 (temp_mat_1_mux0001<1>)
     LUT4:I0->O            1   0.479   0.000  Mcompar_temp_cmp_gt0064_lut<1> (N590)
     MUXCY:S->O            1   0.435   0.000  Mcompar_temp_cmp_gt0064_cy<1> (Mcompar_temp_cmp_gt0064_cy<1>)
     MUXCY:CI->O           1   0.055   0.000  Mcompar_temp_cmp_gt0064_cy<2> (Mcompar_temp_cmp_gt0064_cy<2>)
     MUXCY:CI->O           1   0.055   0.000  Mcompar_temp_cmp_gt0064_cy<3> (Mcompar_temp_cmp_gt0064_cy<3>)
     MUXCY:CI->O           1   0.055   0.000  Mcompar_temp_cmp_gt0064_cy<4> (Mcompar_temp_cmp_gt0064_cy<4>)
     MUXCY:CI->O           1   0.055   0.000  Mcompar_temp_cmp_gt0064_cy<5> (Mcompar_temp_cmp_gt0064_cy<5>)
     MUXCY:CI->O           1   0.055   0.000  Mcompar_temp_cmp_gt0064_cy<6> (Mcompar_temp_cmp_gt0064_cy<6>)
     MUXCY:CI->O          58   0.265   1.997  Mcompar_temp_cmp_gt0064_cy<7> (Mcompar_temp_cmp_gt0064_cy<7>)
     LUT3:I0->O            5   0.479   1.078  temp_mat_1_mux0002<0>1 (temp_mat_1_mux0002<0>)
     LUT4:I0->O            1   0.479   0.000  Mcompar_temp_cmp_gt0063_lut<0> (N580)
     MUXCY:S->O            1   0.435   0.000  Mcompar_temp_cmp_gt0063_cy<0> (Mcompar_temp_cmp_gt0063_cy<0>)
     MUXCY:CI->O           1   0.055   0.000  Mcompar_temp_cmp_gt0063_cy<1> (Mcompar_temp_cmp_gt0063_cy<1>)
     MUXCY:CI->O           1   0.055   0.000  Mcompar_temp_cmp_gt0063_cy<2> (Mcompar_temp_cmp_gt0063_cy<2>)
     MUXCY:CI->O           1   0.055   0.000  Mcompar_temp_cmp_gt0063_cy<3> (Mcompar_temp_cmp_gt0063_cy<3>)
     MUXCY:CI->O           1   0.055   0.000  Mcompar_temp_cmp_gt0063_cy<4> (Mcompar_temp_cmp_gt0063_cy<4>)
     MUXCY:CI->O           1   0.055   0.000  Mcompar_temp_cmp_gt0063_cy<5> (Mcompar_temp_cmp_gt0063_cy<5>)
     MUXCY:CI->O           1   0.055   0.000  Mcompar_temp_cmp_gt0063_cy<6> (Mcompar_temp_cmp_gt0063_cy<6>)
     MUXCY:CI->O          38   0.265   1.899  Mcompar_temp_cmp_gt0063_cy<7> (Mcompar_temp_cmp_gt0063_cy<7>)
     LUT3:I0->O            5   0.479   1.078  temp_mat_1_mux0003<1>1 (temp_mat_1_mux0003<1>)
     LUT4:I0->O            1   0.479   0.000  Mcompar_temp_cmp_gt0056_lut<1> (N491)
     MUXCY:S->O            1   0.435   0.000  Mcompar_temp_cmp_gt0056_cy<1> (Mcompar_temp_cmp_gt0056_cy<1>)
     MUXCY:CI->O           1   0.055   0.000  Mcompar_temp_cmp_gt0056_cy<2> (Mcompar_temp_cmp_gt0056_cy<2>)
     MUXCY:CI->O           1   0.055   0.000  Mcompar_temp_cmp_gt0056_cy<3> (Mcompar_temp_cmp_gt0056_cy<3>)
     MUXCY:CI->O           1   0.055   0.000  Mcompar_temp_cmp_gt0056_cy<4> (Mcompar_temp_cmp_gt0056_cy<4>)
     MUXCY:CI->O           1   0.055   0.000  Mcompar_temp_cmp_gt0056_cy<5> (Mcompar_temp_cmp_gt0056_cy<5>)
     MUXCY:CI->O           1   0.055   0.000  Mcompar_temp_cmp_gt0056_cy<6> (Mcompar_temp_cmp_gt0056_cy<6>)
     MUXCY:CI->O          50   0.265   1.958  Mcompar_temp_cmp_gt0056_cy<7> (Mcompar_temp_cmp_gt0056_cy<7>)
     LUT3:I0->O            6   0.479   1.148  temp_mat_1_mux0004<0>1 (temp_mat_1_mux0004<0>)
     LUT4:I0->O            1   0.479   0.000  Mcompar_temp_cmp_gt0055_lut<0> (N508)
     MUXCY:S->O            1   0.435   0.000  Mcompar_temp_cmp_gt0055_cy<0> (Mcompar_temp_cmp_gt0055_cy<0>)
     MUXCY:CI->O           1   0.055   0.000  Mcompar_temp_cmp_gt0055_cy<1> (Mcompar_temp_cmp_gt0055_cy<1>)
     MUXCY:CI->O           1   0.055   0.000  Mcompar_temp_cmp_gt0055_cy<2> (Mcompar_temp_cmp_gt0055_cy<2>)
     MUXCY:CI->O           1   0.055   0.000  Mcompar_temp_cmp_gt0055_cy<3> (Mcompar_temp_cmp_gt0055_cy<3>)
     MUXCY:CI->O           1   0.055   0.000  Mcompar_temp_cmp_gt0055_cy<4> (Mcompar_temp_cmp_gt0055_cy<4>)
     MUXCY:CI->O           1   0.055   0.000  Mcompar_temp_cmp_gt0055_cy<5> (Mcompar_temp_cmp_gt0055_cy<5>)
     MUXCY:CI->O           1   0.055   0.000  Mcompar_temp_cmp_gt0055_cy<6> (Mcompar_temp_cmp_gt0055_cy<6>)
     MUXCY:CI->O          45   0.265   1.933  Mcompar_temp_cmp_gt0055_cy<7> (Mcompar_temp_cmp_gt0055_cy<7>)
     LUT3:I0->O            5   0.479   1.078  temp_mat_1_mux0005<1>1 (temp_mat_1_mux0005<1>)
     LUT4:I0->O            1   0.479   0.000  Mcompar_temp_cmp_gt0048_lut<1> (N437)
     MUXCY:S->O            1   0.435   0.000  Mcompar_temp_cmp_gt0048_cy<1> (Mcompar_temp_cmp_gt0048_cy<1>)
     MUXCY:CI->O           1   0.055   0.000  Mcompar_temp_cmp_gt0048_cy<2> (Mcompar_temp_cmp_gt0048_cy<2>)
     MUXCY:CI->O           1   0.055   0.000  Mcompar_temp_cmp_gt0048_cy<3> (Mcompar_temp_cmp_gt0048_cy<3>)
     MUXCY:CI->O           1   0.055   0.000  Mcompar_temp_cmp_gt0048_cy<4> (Mcompar_temp_cmp_gt0048_cy<4>)
     MUXCY:CI->O           1   0.055   0.000  Mcompar_temp_cmp_gt0048_cy<5> (Mcompar_temp_cmp_gt0048_cy<5>)
     MUXCY:CI->O           1   0.055   0.000  Mcompar_temp_cmp_gt0048_cy<6> (Mcompar_temp_cmp_gt0048_cy<6>)
     MUXCY:CI->O          48   0.265   1.948  Mcompar_temp_cmp_gt0048_cy<7> (Mcompar_temp_cmp_gt0048_cy<7>)
     LUT3:I0->O            6   0.479   1.148  temp_mat_1_mux0006<0>1 (temp_mat_1_mux0006<0>)
     LUT4:I0->O            1   0.479   0.000  Mcompar_temp_cmp_gt0047_lut<0> (N409)
     MUXCY:S->O            1   0.435   0.000  Mcompar_temp_cmp_gt0047_cy<0> (Mcompar_temp_cmp_gt0047_cy<0>)
     MUXCY:CI->O           1   0.055   0.000  Mcompar_temp_cmp_gt0047_cy<1> (Mcompar_temp_cmp_gt0047_cy<1>)
     MUXCY:CI->O           1   0.055   0.000  Mcompar_temp_cmp_gt0047_cy<2> (Mcompar_temp_cmp_gt0047_cy<2>)
     MUXCY:CI->O           1   0.055   0.000  Mcompar_temp_cmp_gt0047_cy<3> (Mcompar_temp_cmp_gt0047_cy<3>)
     MUXCY:CI->O           1   0.055   0.000  Mcompar_temp_cmp_gt0047_cy<4> (Mcompar_temp_cmp_gt0047_cy<4>)
     MUXCY:CI->O           1   0.055   0.000  Mcompar_temp_cmp_gt0047_cy<5> (Mcompar_temp_cmp_gt0047_cy<5>)
     MUXCY:CI->O           1   0.055   0.000  Mcompar_temp_cmp_gt0047_cy<6> (Mcompar_temp_cmp_gt0047_cy<6>)
     MUXCY:CI->O          44   0.265   1.929  Mcompar_temp_cmp_gt0047_cy<7> (Mcompar_temp_cmp_gt0047_cy<7>)
     LUT3:I0->O            6   0.479   1.148  temp_mat_1_mux0007<1>1 (temp_mat_1_mux0007<1>)
     LUT4:I0->O            1   0.479   0.000  Mcompar_temp_cmp_gt0040_lut<1> (N365)
     MUXCY:S->O            1   0.435   0.000  Mcompar_temp_cmp_gt0040_cy<1> (Mcompar_temp_cmp_gt0040_cy<1>)
     MUXCY:CI->O           1   0.055   0.000  Mcompar_temp_cmp_gt0040_cy<2> (Mcompar_temp_cmp_gt0040_cy<2>)
     MUXCY:CI->O           1   0.055   0.000  Mcompar_temp_cmp_gt0040_cy<3> (Mcompar_temp_cmp_gt0040_cy<3>)
     MUXCY:CI->O           1   0.055   0.000  Mcompar_temp_cmp_gt0040_cy<4> (Mcompar_temp_cmp_gt0040_cy<4>)
     MUXCY:CI->O           1   0.055   0.000  Mcompar_temp_cmp_gt0040_cy<5> (Mcompar_temp_cmp_gt0040_cy<5>)
     MUXCY:CI->O           1   0.055   0.000  Mcompar_temp_cmp_gt0040_cy<6> (Mcompar_temp_cmp_gt0040_cy<6>)
     MUXCY:CI->O          47   0.265   1.943  Mcompar_temp_cmp_gt0040_cy<7> (Mcompar_temp_cmp_gt0040_cy<7>)
     LUT3:I0->O            6   0.479   1.148  temp_mat_1_mux0008<0>1 (temp_mat_1_mux0008<0>)
     LUT4:I0->O            1   0.479   0.000  Mcompar_temp_cmp_gt0039_lut<0> (N355)
     MUXCY:S->O            1   0.435   0.000  Mcompar_temp_cmp_gt0039_cy<0> (Mcompar_temp_cmp_gt0039_cy<0>)
     MUXCY:CI->O           1   0.055   0.000  Mcompar_temp_cmp_gt0039_cy<1> (Mcompar_temp_cmp_gt0039_cy<1>)
     MUXCY:CI->O           1   0.055   0.000  Mcompar_temp_cmp_gt0039_cy<2> (Mcompar_temp_cmp_gt0039_cy<2>)
     MUXCY:CI->O           1   0.055   0.000  Mcompar_temp_cmp_gt0039_cy<3> (Mcompar_temp_cmp_gt0039_cy<3>)
     MUXCY:CI->O           1   0.055   0.000  Mcompar_temp_cmp_gt0039_cy<4> (Mcompar_temp_cmp_gt0039_cy<4>)
     MUXCY:CI->O           1   0.055   0.000  Mcompar_temp_cmp_gt0039_cy<5> (Mcompar_temp_cmp_gt0039_cy<5>)
     MUXCY:CI->O           1   0.055   0.000  Mcompar_temp_cmp_gt0039_cy<6> (Mcompar_temp_cmp_gt0039_cy<6>)
     MUXCY:CI->O          50   0.265   1.958  Mcompar_temp_cmp_gt0039_cy<7> (Mcompar_temp_cmp_gt0039_cy<7>)
     LUT3:I0->O            6   0.479   1.148  temp_mat_2_mux0008<0>1 (temp_mat_2_mux0008<0>)
     LUT4:I0->O            1   0.479   0.000  Mcompar_temp_cmp_gt0038_lut<0> (N328)
     MUXCY:S->O            1   0.435   0.000  Mcompar_temp_cmp_gt0038_cy<0> (Mcompar_temp_cmp_gt0038_cy<0>)
     MUXCY:CI->O           1   0.055   0.000  Mcompar_temp_cmp_gt0038_cy<1> (Mcompar_temp_cmp_gt0038_cy<1>)
     MUXCY:CI->O           1   0.055   0.000  Mcompar_temp_cmp_gt0038_cy<2> (Mcompar_temp_cmp_gt0038_cy<2>)
     MUXCY:CI->O           1   0.055   0.000  Mcompar_temp_cmp_gt0038_cy<3> (Mcompar_temp_cmp_gt0038_cy<3>)
     MUXCY:CI->O           1   0.055   0.000  Mcompar_temp_cmp_gt0038_cy<4> (Mcompar_temp_cmp_gt0038_cy<4>)
     MUXCY:CI->O           1   0.055   0.000  Mcompar_temp_cmp_gt0038_cy<5> (Mcompar_temp_cmp_gt0038_cy<5>)
     MUXCY:CI->O           1   0.055   0.000  Mcompar_temp_cmp_gt0038_cy<6> (Mcompar_temp_cmp_gt0038_cy<6>)
     MUXCY:CI->O          46   0.265   1.938  Mcompar_temp_cmp_gt0038_cy<7> (Mcompar_temp_cmp_gt0038_cy<7>)
     LUT3:I0->O            6   0.479   1.148  temp_mat_3_mux0008<0>1 (temp_mat_3_mux0008<0>)
     LUT4:I0->O            1   0.479   0.000  Mcompar_temp_cmp_gt0037_lut<0> (N346)
     MUXCY:S->O            1   0.435   0.000  Mcompar_temp_cmp_gt0037_cy<0> (Mcompar_temp_cmp_gt0037_cy<0>)
     MUXCY:CI->O           1   0.055   0.000  Mcompar_temp_cmp_gt0037_cy<1> (Mcompar_temp_cmp_gt0037_cy<1>)
     MUXCY:CI->O           1   0.055   0.000  Mcompar_temp_cmp_gt0037_cy<2> (Mcompar_temp_cmp_gt0037_cy<2>)
     MUXCY:CI->O           1   0.055   0.000  Mcompar_temp_cmp_gt0037_cy<3> (Mcompar_temp_cmp_gt0037_cy<3>)
     MUXCY:CI->O           1   0.055   0.000  Mcompar_temp_cmp_gt0037_cy<4> (Mcompar_temp_cmp_gt0037_cy<4>)
     MUXCY:CI->O           1   0.055   0.000  Mcompar_temp_cmp_gt0037_cy<5> (Mcompar_temp_cmp_gt0037_cy<5>)
     MUXCY:CI->O           1   0.055   0.000  Mcompar_temp_cmp_gt0037_cy<6> (Mcompar_temp_cmp_gt0037_cy<6>)
     MUXCY:CI->O          45   0.265   1.933  Mcompar_temp_cmp_gt0037_cy<7> (Mcompar_temp_cmp_gt0037_cy<7>)
     LUT3:I0->O            5   0.479   1.078  temp_mat_3_mux0009<1>1 (temp_mat_3_mux0009<1>)
     LUT4:I0->O            1   0.479   0.000  Mcompar_temp_cmp_gt0030_lut<1> (N275)
     MUXCY:S->O            1   0.435   0.000  Mcompar_temp_cmp_gt0030_cy<1> (Mcompar_temp_cmp_gt0030_cy<1>)
     MUXCY:CI->O           1   0.055   0.000  Mcompar_temp_cmp_gt0030_cy<2> (Mcompar_temp_cmp_gt0030_cy<2>)
     MUXCY:CI->O           1   0.055   0.000  Mcompar_temp_cmp_gt0030_cy<3> (Mcompar_temp_cmp_gt0030_cy<3>)
     MUXCY:CI->O           1   0.055   0.000  Mcompar_temp_cmp_gt0030_cy<4> (Mcompar_temp_cmp_gt0030_cy<4>)
     MUXCY:CI->O           1   0.055   0.000  Mcompar_temp_cmp_gt0030_cy<5> (Mcompar_temp_cmp_gt0030_cy<5>)
     MUXCY:CI->O           1   0.055   0.000  Mcompar_temp_cmp_gt0030_cy<6> (Mcompar_temp_cmp_gt0030_cy<6>)
     MUXCY:CI->O          50   0.265   1.958  Mcompar_temp_cmp_gt0030_cy<7> (Mcompar_temp_cmp_gt0030_cy<7>)
     LUT3:I0->O            4   0.479   1.074  temp_mat_2_mux0011<1>1 (temp_mat_2_mux0011<1>)
     LUT4:I0->O            1   0.479   0.000  Mcompar_temp_cmp_gt0023_lut<1> (N212)
     MUXCY:S->O            1   0.435   0.000  Mcompar_temp_cmp_gt0023_cy<1> (Mcompar_temp_cmp_gt0023_cy<1>)
     MUXCY:CI->O           1   0.056   0.000  Mcompar_temp_cmp_gt0023_cy<2> (Mcompar_temp_cmp_gt0023_cy<2>)
     MUXCY:CI->O           1   0.056   0.000  Mcompar_temp_cmp_gt0023_cy<3> (Mcompar_temp_cmp_gt0023_cy<3>)
     MUXCY:CI->O           1   0.056   0.000  Mcompar_temp_cmp_gt0023_cy<4> (Mcompar_temp_cmp_gt0023_cy<4>)
     MUXCY:CI->O           1   0.056   0.000  Mcompar_temp_cmp_gt0023_cy<5> (Mcompar_temp_cmp_gt0023_cy<5>)
     MUXCY:CI->O           1   0.056   0.000  Mcompar_temp_cmp_gt0023_cy<6> (Mcompar_temp_cmp_gt0023_cy<6>)
     MUXCY:CI->O          45   0.264   1.933  Mcompar_temp_cmp_gt0023_cy<7> (Mcompar_temp_cmp_gt0023_cy<7>)
     LUT3:I0->O            5   0.479   1.078  temp_mat_1_mux0013<1>1 (temp_mat_1_mux0013<1>)
     LUT4:I0->O            1   0.479   0.000  Mcompar_temp_cmp_gt0016_lut<1> (N149)
     MUXCY:S->O            1   0.435   0.000  Mcompar_temp_cmp_gt0016_cy<1> (Mcompar_temp_cmp_gt0016_cy<1>)
     MUXCY:CI->O           1   0.056   0.000  Mcompar_temp_cmp_gt0016_cy<2> (Mcompar_temp_cmp_gt0016_cy<2>)
     MUXCY:CI->O           1   0.056   0.000  Mcompar_temp_cmp_gt0016_cy<3> (Mcompar_temp_cmp_gt0016_cy<3>)
     MUXCY:CI->O           1   0.056   0.000  Mcompar_temp_cmp_gt0016_cy<4> (Mcompar_temp_cmp_gt0016_cy<4>)
     MUXCY:CI->O           1   0.056   0.000  Mcompar_temp_cmp_gt0016_cy<5> (Mcompar_temp_cmp_gt0016_cy<5>)
     MUXCY:CI->O           1   0.056   0.000  Mcompar_temp_cmp_gt0016_cy<6> (Mcompar_temp_cmp_gt0016_cy<6>)
     MUXCY:CI->O          44   0.264   1.929  Mcompar_temp_cmp_gt0016_cy<7> (Mcompar_temp_cmp_gt0016_cy<7>)
     LUT3:I0->O            7   0.479   1.201  temp_mat_1_mux0014<0>1 (temp_mat_1_mux0014<0>)
     LUT4:I0->O            1   0.479   0.000  Mcompar_temp_cmp_gt0015_lut<0> (N139)
     MUXCY:S->O            1   0.435   0.000  Mcompar_temp_cmp_gt0015_cy<0> (Mcompar_temp_cmp_gt0015_cy<0>)
     MUXCY:CI->O           1   0.056   0.000  Mcompar_temp_cmp_gt0015_cy<1> (Mcompar_temp_cmp_gt0015_cy<1>)
     MUXCY:CI->O           1   0.056   0.000  Mcompar_temp_cmp_gt0015_cy<2> (Mcompar_temp_cmp_gt0015_cy<2>)
     MUXCY:CI->O           1   0.056   0.000  Mcompar_temp_cmp_gt0015_cy<3> (Mcompar_temp_cmp_gt0015_cy<3>)
     MUXCY:CI->O           1   0.056   0.000  Mcompar_temp_cmp_gt0015_cy<4> (Mcompar_temp_cmp_gt0015_cy<4>)
     MUXCY:CI->O           1   0.056   0.000  Mcompar_temp_cmp_gt0015_cy<5> (Mcompar_temp_cmp_gt0015_cy<5>)
     MUXCY:CI->O           1   0.056   0.000  Mcompar_temp_cmp_gt0015_cy<6> (Mcompar_temp_cmp_gt0015_cy<6>)
     MUXCY:CI->O          48   0.264   1.948  Mcompar_temp_cmp_gt0015_cy<7> (Mcompar_temp_cmp_gt0015_cy<7>)
     LUT3:I0->O            3   0.479   1.066  temp_mat_1_mux0015<1>1 (temp_mat_1_mux0015<1>)
     LUT4:I0->O            1   0.479   0.000  Mcompar_temp_cmp_gt0008_lut<1> (N77)
     MUXCY:S->O            1   0.435   0.000  Mcompar_temp_cmp_gt0008_cy<1> (Mcompar_temp_cmp_gt0008_cy<1>)
     MUXCY:CI->O           1   0.056   0.000  Mcompar_temp_cmp_gt0008_cy<2> (Mcompar_temp_cmp_gt0008_cy<2>)
     MUXCY:CI->O           1   0.056   0.000  Mcompar_temp_cmp_gt0008_cy<3> (Mcompar_temp_cmp_gt0008_cy<3>)
     MUXCY:CI->O           1   0.056   0.000  Mcompar_temp_cmp_gt0008_cy<4> (Mcompar_temp_cmp_gt0008_cy<4>)
     MUXCY:CI->O           1   0.056   0.000  Mcompar_temp_cmp_gt0008_cy<5> (Mcompar_temp_cmp_gt0008_cy<5>)
     MUXCY:CI->O           1   0.056   0.000  Mcompar_temp_cmp_gt0008_cy<6> (Mcompar_temp_cmp_gt0008_cy<6>)
     MUXCY:CI->O          26   0.264   1.841  Mcompar_temp_cmp_gt0008_cy<7> (Mcompar_temp_cmp_gt0008_cy<7>)
     LUT4:I0->O            1   0.479   0.000  temp_mat_1_mux0016<0>11 (N9241)
     MUXF5:I1->O           3   0.314   1.066  temp_mat_1_mux0016<0>1_f5 (temp_mat_1_mux0016<0>)
     LUT4:I0->O            1   0.479   0.000  Mcompar_temp_cmp_gt0007_lut<0> (N67)
     MUXCY:S->O            1   0.435   0.000  Mcompar_temp_cmp_gt0007_cy<0> (Mcompar_temp_cmp_gt0007_cy<0>)
     MUXCY:CI->O           1   0.056   0.000  Mcompar_temp_cmp_gt0007_cy<1> (Mcompar_temp_cmp_gt0007_cy<1>)
     MUXCY:CI->O           1   0.056   0.000  Mcompar_temp_cmp_gt0007_cy<2> (Mcompar_temp_cmp_gt0007_cy<2>)
     MUXCY:CI->O           1   0.056   0.000  Mcompar_temp_cmp_gt0007_cy<3> (Mcompar_temp_cmp_gt0007_cy<3>)
     MUXCY:CI->O           1   0.056   0.000  Mcompar_temp_cmp_gt0007_cy<4> (Mcompar_temp_cmp_gt0007_cy<4>)
     MUXCY:CI->O           1   0.056   0.000  Mcompar_temp_cmp_gt0007_cy<5> (Mcompar_temp_cmp_gt0007_cy<5>)
     MUXCY:CI->O           1   0.056   0.000  Mcompar_temp_cmp_gt0007_cy<6> (Mcompar_temp_cmp_gt0007_cy<6>)
     MUXCY:CI->O          33   0.264   1.875  Mcompar_temp_cmp_gt0007_cy<7> (Mcompar_temp_cmp_gt0007_cy<7>)
     LUT3:I0->O            3   0.479   1.066  temp_mat_2_mux0016<0>1 (temp_mat_2_mux0016<0>)
     LUT4:I0->O            1   0.479   0.000  Mcompar_temp_cmp_gt0006_lut<0> (N58)
     MUXCY:S->O            1   0.435   0.000  Mcompar_temp_cmp_gt0006_cy<0> (Mcompar_temp_cmp_gt0006_cy<0>)
     MUXCY:CI->O           1   0.056   0.000  Mcompar_temp_cmp_gt0006_cy<1> (Mcompar_temp_cmp_gt0006_cy<1>)
     MUXCY:CI->O           1   0.056   0.000  Mcompar_temp_cmp_gt0006_cy<2> (Mcompar_temp_cmp_gt0006_cy<2>)
     MUXCY:CI->O           1   0.056   0.000  Mcompar_temp_cmp_gt0006_cy<3> (Mcompar_temp_cmp_gt0006_cy<3>)
     MUXCY:CI->O           1   0.056   0.000  Mcompar_temp_cmp_gt0006_cy<4> (Mcompar_temp_cmp_gt0006_cy<4>)
     MUXCY:CI->O           1   0.056   0.000  Mcompar_temp_cmp_gt0006_cy<5> (Mcompar_temp_cmp_gt0006_cy<5>)
     MUXCY:CI->O           1   0.056   0.000  Mcompar_temp_cmp_gt0006_cy<6> (Mcompar_temp_cmp_gt0006_cy<6>)
     MUXCY:CI->O          34   0.264   1.880  Mcompar_temp_cmp_gt0006_cy<7> (Mcompar_temp_cmp_gt0006_cy<7>)
     LUT4:I0->O            1   0.479   0.000  temp_mat_3_mux0016<0>11 (N9239)
     MUXF5:I1->O           4   0.314   1.074  temp_mat_3_mux0016<0>1_f5 (temp_mat_3_mux0016<0>)
     LUT4:I0->O            1   0.479   0.000  Mcompar_temp_cmp_gt0005_lut<0> (N49)
     MUXCY:S->O            1   0.435   0.000  Mcompar_temp_cmp_gt0005_cy<0> (Mcompar_temp_cmp_gt0005_cy<0>)
     MUXCY:CI->O           1   0.056   0.000  Mcompar_temp_cmp_gt0005_cy<1> (Mcompar_temp_cmp_gt0005_cy<1>)
     MUXCY:CI->O           1   0.056   0.000  Mcompar_temp_cmp_gt0005_cy<2> (Mcompar_temp_cmp_gt0005_cy<2>)
     MUXCY:CI->O           1   0.056   0.000  Mcompar_temp_cmp_gt0005_cy<3> (Mcompar_temp_cmp_gt0005_cy<3>)
     MUXCY:CI->O           1   0.056   0.000  Mcompar_temp_cmp_gt0005_cy<4> (Mcompar_temp_cmp_gt0005_cy<4>)
     MUXCY:CI->O           1   0.056   0.000  Mcompar_temp_cmp_gt0005_cy<5> (Mcompar_temp_cmp_gt0005_cy<5>)
     MUXCY:CI->O           1   0.056   0.000  Mcompar_temp_cmp_gt0005_cy<6> (Mcompar_temp_cmp_gt0005_cy<6>)
     MUXCY:CI->O          26   0.264   1.841  Mcompar_temp_cmp_gt0005_cy<7> (Mcompar_temp_cmp_gt0005_cy<7>)
     LUT4:I0->O            1   0.479   0.000  temp_mat_4_mux0016<0>11 (N9237)
     MUXF5:I1->O           4   0.314   1.074  temp_mat_4_mux0016<0>1_f5 (temp_mat_4_mux0016<0>)
     LUT4:I0->O            1   0.479   0.000  Mcompar_temp_cmp_gt0004_lut<0> (N40)
     MUXCY:S->O            1   0.435   0.000  Mcompar_temp_cmp_gt0004_cy<0> (Mcompar_temp_cmp_gt0004_cy<0>)
     MUXCY:CI->O           1   0.056   0.000  Mcompar_temp_cmp_gt0004_cy<1> (Mcompar_temp_cmp_gt0004_cy<1>)
     MUXCY:CI->O           1   0.056   0.000  Mcompar_temp_cmp_gt0004_cy<2> (Mcompar_temp_cmp_gt0004_cy<2>)
     MUXCY:CI->O           1   0.056   0.000  Mcompar_temp_cmp_gt0004_cy<3> (Mcompar_temp_cmp_gt0004_cy<3>)
     MUXCY:CI->O           1   0.056   0.000  Mcompar_temp_cmp_gt0004_cy<4> (Mcompar_temp_cmp_gt0004_cy<4>)
     MUXCY:CI->O           1   0.056   0.000  Mcompar_temp_cmp_gt0004_cy<5> (Mcompar_temp_cmp_gt0004_cy<5>)
     MUXCY:CI->O           1   0.056   0.000  Mcompar_temp_cmp_gt0004_cy<6> (Mcompar_temp_cmp_gt0004_cy<6>)
     MUXCY:CI->O          33   0.264   1.875  Mcompar_temp_cmp_gt0004_cy<7> (Mcompar_temp_cmp_gt0004_cy<7>)
     LUT3:I0->O            3   0.479   1.066  temp_mat_5_mux0016<0>1 (temp_mat_5_mux0016<0>)
     LUT4:I0->O            1   0.479   0.000  Mcompar_temp_cmp_gt0003_lut<0> (N31)
     MUXCY:S->O            1   0.435   0.000  Mcompar_temp_cmp_gt0003_cy<0> (Mcompar_temp_cmp_gt0003_cy<0>)
     MUXCY:CI->O           1   0.056   0.000  Mcompar_temp_cmp_gt0003_cy<1> (Mcompar_temp_cmp_gt0003_cy<1>)
     MUXCY:CI->O           1   0.056   0.000  Mcompar_temp_cmp_gt0003_cy<2> (Mcompar_temp_cmp_gt0003_cy<2>)
     MUXCY:CI->O           1   0.056   0.000  Mcompar_temp_cmp_gt0003_cy<3> (Mcompar_temp_cmp_gt0003_cy<3>)
     MUXCY:CI->O           1   0.056   0.000  Mcompar_temp_cmp_gt0003_cy<4> (Mcompar_temp_cmp_gt0003_cy<4>)
     MUXCY:CI->O           1   0.056   0.000  Mcompar_temp_cmp_gt0003_cy<5> (Mcompar_temp_cmp_gt0003_cy<5>)
     MUXCY:CI->O           1   0.056   0.000  Mcompar_temp_cmp_gt0003_cy<6> (Mcompar_temp_cmp_gt0003_cy<6>)
     MUXCY:CI->O          26   0.264   1.841  Mcompar_temp_cmp_gt0003_cy<7> (Mcompar_temp_cmp_gt0003_cy<7>)
     LUT4:I0->O            1   0.479   0.000  temp_mat_6_mux0016<0>11 (N9235)
     MUXF5:I1->O           6   0.314   1.148  temp_mat_6_mux0016<0>1_f5 (temp_mat_6_mux0016<0>)
     LUT4:I0->O            1   0.479   0.000  Mcompar_temp_cmp_gt0002_lut<0> (N4)
     MUXCY:S->O            1   0.435   0.000  Mcompar_temp_cmp_gt0002_cy<0> (Mcompar_temp_cmp_gt0002_cy<0>)
     MUXCY:CI->O           1   0.056   0.000  Mcompar_temp_cmp_gt0002_cy<1> (Mcompar_temp_cmp_gt0002_cy<1>)
     MUXCY:CI->O           1   0.056   0.000  Mcompar_temp_cmp_gt0002_cy<2> (Mcompar_temp_cmp_gt0002_cy<2>)
     MUXCY:CI->O           1   0.056   0.000  Mcompar_temp_cmp_gt0002_cy<3> (Mcompar_temp_cmp_gt0002_cy<3>)
     MUXCY:CI->O           1   0.056   0.000  Mcompar_temp_cmp_gt0002_cy<4> (Mcompar_temp_cmp_gt0002_cy<4>)
     MUXCY:CI->O           1   0.056   0.000  Mcompar_temp_cmp_gt0002_cy<5> (Mcompar_temp_cmp_gt0002_cy<5>)
     MUXCY:CI->O           1   0.056   0.000  Mcompar_temp_cmp_gt0002_cy<6> (Mcompar_temp_cmp_gt0002_cy<6>)
     MUXCY:CI->O          21   0.264   1.583  Mcompar_temp_cmp_gt0002_cy<7> (Mcompar_temp_cmp_gt0002_cy<7>)
     LUT4:I0->O            1   0.479   0.000  temp_mat_7_mux0016<0>11 (N9233)
     MUXF5:I1->O           3   0.314   1.066  temp_mat_7_mux0016<0>1_f5 (temp_mat_7_mux0016<0>)
     LUT4:I0->O            1   0.479   0.000  Mcompar_temp_cmp_gt0001_lut<0> (N22)
     MUXCY:S->O            1   0.435   0.000  Mcompar_temp_cmp_gt0001_cy<0> (Mcompar_temp_cmp_gt0001_cy<0>)
     MUXCY:CI->O           1   0.056   0.000  Mcompar_temp_cmp_gt0001_cy<1> (Mcompar_temp_cmp_gt0001_cy<1>)
     MUXCY:CI->O           1   0.056   0.000  Mcompar_temp_cmp_gt0001_cy<2> (Mcompar_temp_cmp_gt0001_cy<2>)
     MUXCY:CI->O           1   0.056   0.000  Mcompar_temp_cmp_gt0001_cy<3> (Mcompar_temp_cmp_gt0001_cy<3>)
     MUXCY:CI->O           1   0.056   0.000  Mcompar_temp_cmp_gt0001_cy<4> (Mcompar_temp_cmp_gt0001_cy<4>)
     MUXCY:CI->O           1   0.056   0.000  Mcompar_temp_cmp_gt0001_cy<5> (Mcompar_temp_cmp_gt0001_cy<5>)
     MUXCY:CI->O           1   0.056   0.000  Mcompar_temp_cmp_gt0001_cy<6> (Mcompar_temp_cmp_gt0001_cy<6>)
     MUXCY:CI->O          13   0.264   1.165  Mcompar_temp_cmp_gt0001_cy<7> (Mcompar_temp_cmp_gt0001_cy<7>)
     LUT2:I1->O            8   0.479   1.216  temp_mux0071<0>71 (N4601)
     LUT4:I0->O            1   0.479   0.976  temp_mux0071<7>870 (temp_mux0071<7>_map153)
     LUT3:I0->O            1   0.479   0.681  temp_mux0071<7>880 (temp1_7_OBUF)
     OBUF:I->O                 4.909          temp1_7_OBUF (temp1<7>)
    ----------------------------------------
    Total                    129.799ns (55.424ns logic, 74.375ns route)
                                       (42.7% logic, 57.3% route)

=========================================================================
CPU : 51.85 / 52.35 s | Elapsed : 52.00 / 53.00 s
 
--> 

Total memory usage is 345916 kilobytes

Number of errors   :    0 (   0 filtered)
Number of warnings :    1 (   0 filtered)
Number of infos    :    1 (   0 filtered)

